[ 2014-01-05T00:02:24+08:00 ] 0.0.0.0 /ros/
INFO: [ app_begin ] --START--
INFO: ReadHtmlCache Behavior ::run [ RunTime:0.000216s ]
INFO: [ app_begin ] --END-- [ RunTime:0.000259s ]
INFO: [ view_parse ] --START--
INFO: ParseTemplate Behavior ::run [ RunTime:0.003402s ]
INFO: [ view_parse ] --END-- [ RunTime:0.003439s ]
INFO: [ view_filter ] --START--
INFO: ContentReplace Behavior ::run [ RunTime:0.000190s ]
INFO: TokenBuild Behavior ::run [ RunTime:0.000153s ]
INFO: WriteHtmlCache Behavior ::run [ RunTime:0.000109s ]
INFO: ShowRuntime Behavior ::run [ RunTime:0.000218s ]
INFO: [ view_filter ] --END-- [ RunTime:0.000779s ]
INFO: [ view_end ] --START--
INFO: ShowPageTrace Behavior ::run [ RunTime:0.000278s ]
INFO: [ view_end ] --END-- [ RunTime:0.000311s ]

[ 2014-01-05T00:02:25+08:00 ] 0.0.0.0 /ros/index.php/Index/getApp
INFO: [ route_check ] --START--
INFO: CheckRoute Behavior ::run [ RunTime:0.000364s ]
INFO: [ route_check ] --END-- [ RunTime:0.000418s ]
INFO: [ app_begin ] --START--
INFO: ReadHtmlCache Behavior ::run [ RunTime:0.000209s ]
INFO: [ app_begin ] --END-- [ RunTime:0.000240s ]
SQL: SHOW COLUMNS FROM `ros_app` [ RunTime:0.001250s ]
SQL: SHOW COLUMNS FROM `ros_user` [ RunTime:0.001086s ]
SQL: SELECT `id`,`desk1`,`desk2`,`desk3`,`desk4`,`desk5` FROM `ros_user`  [ RunTime:0.000257s ]
SQL: SELECT * FROM `ros_app` WHERE ( `id` = 1 ) LIMIT 1   [ RunTime:0.000293s ]
SQL: SELECT * FROM `ros_app` WHERE ( `id` = 2 ) LIMIT 1   [ RunTime:0.000234s ]
SQL: SELECT * FROM `ros_app` WHERE ( `id` = 3 ) LIMIT 1   [ RunTime:0.000204s ]
NOTIC: [8] Undefined offset: 1 /Users/wangyingran/sites/ROS/App/Lib/Action/Home/IndexAction.class.php 第 33 行.
SQL: SELECT * FROM `ros_app` WHERE ( `id` = null ) LIMIT 1   [ RunTime:0.000147s ]
NOTIC: [8] Undefined offset: 1 /Users/wangyingran/sites/ROS/App/Lib/Action/Home/IndexAction.class.php 第 33 行.
SQL: SELECT * FROM `ros_app` WHERE ( `id` = null ) LIMIT 1   [ RunTime:0.000141s ]

[ 2014-01-05T00:02:54+08:00 ] 0.0.0.0 /ros/
INFO: [ app_begin ] --START--
INFO: ReadHtmlCache Behavior ::run [ RunTime:0.000214s ]
INFO: [ app_begin ] --END-- [ RunTime:0.000255s ]
INFO: [ view_parse ] --START--
INFO: ParseTemplate Behavior ::run [ RunTime:0.003355s ]
INFO: [ view_parse ] --END-- [ RunTime:0.003390s ]
INFO: [ view_filter ] --START--
INFO: ContentReplace Behavior ::run [ RunTime:0.000181s ]
INFO: TokenBuild Behavior ::run [ RunTime:0.000147s ]
INFO: WriteHtmlCache Behavior ::run [ RunTime:0.000093s ]
INFO: ShowRuntime Behavior ::run [ RunTime:0.000202s ]
INFO: [ view_filter ] --END-- [ RunTime:0.000724s ]
INFO: [ view_end ] --START--
INFO: ShowPageTrace Behavior ::run [ RunTime:0.000248s ]
INFO: [ view_end ] --END-- [ RunTime:0.000278s ]

[ 2014-01-05T00:02:54+08:00 ] 0.0.0.0 /ros/index.php/Index/getApp
INFO: [ route_check ] --START--
INFO: CheckRoute Behavior ::run [ RunTime:0.000351s ]
INFO: [ route_check ] --END-- [ RunTime:0.000398s ]
INFO: [ app_begin ] --START--
INFO: ReadHtmlCache Behavior ::run [ RunTime:0.000258s ]
INFO: [ app_begin ] --END-- [ RunTime:0.000308s ]
SQL: SHOW COLUMNS FROM `ros_app` [ RunTime:0.001261s ]
SQL: SHOW COLUMNS FROM `ros_user` [ RunTime:0.001149s ]
SQL: SELECT `id`,`desk1`,`desk2`,`desk3`,`desk4`,`desk5` FROM `ros_user`  [ RunTime:0.000302s ]
SQL: SELECT * FROM `ros_app` WHERE ( `id` = 1 ) LIMIT 1   [ RunTime:0.000364s ]
SQL: SELECT * FROM `ros_app` WHERE ( `id` = 2 ) LIMIT 1   [ RunTime:0.000207s ]
SQL: SELECT * FROM `ros_app` WHERE ( `id` = 3 ) LIMIT 1   [ RunTime:0.000209s ]
NOTIC: [8] Undefined offset: 1 /Users/wangyingran/sites/ROS/App/Lib/Action/Home/IndexAction.class.php 第 33 行.
SQL: SELECT * FROM `ros_app` WHERE ( `id` = null ) LIMIT 1   [ RunTime:0.000138s ]
NOTIC: [8] Undefined offset: 1 /Users/wangyingran/sites/ROS/App/Lib/Action/Home/IndexAction.class.php 第 33 行.
SQL: SELECT * FROM `ros_app` WHERE ( `id` = null ) LIMIT 1   [ RunTime:0.000153s ]

[ 2014-01-05T00:02:55+08:00 ] 0.0.0.0 /ros/
INFO: [ app_begin ] --START--
INFO: ReadHtmlCache Behavior ::run [ RunTime:0.000219s ]
INFO: [ app_begin ] --END-- [ RunTime:0.000271s ]
INFO: [ view_parse ] --START--
INFO: ParseTemplate Behavior ::run [ RunTime:0.003522s ]
INFO: [ view_parse ] --END-- [ RunTime:0.003562s ]
INFO: [ view_filter ] --START--
INFO: ContentReplace Behavior ::run [ RunTime:0.000210s ]
INFO: TokenBuild Behavior ::run [ RunTime:0.000169s ]
INFO: WriteHtmlCache Behavior ::run [ RunTime:0.000116s ]
INFO: ShowRuntime Behavior ::run [ RunTime:0.000240s ]
INFO: [ view_filter ] --END-- [ RunTime:0.000839s ]
INFO: [ view_end ] --START--
INFO: ShowPageTrace Behavior ::run [ RunTime:0.000279s ]
INFO: [ view_end ] --END-- [ RunTime:0.000312s ]

[ 2014-01-05T00:02:55+08:00 ] 0.0.0.0 /ros/index.php/Index/getApp
INFO: [ route_check ] --START--
INFO: CheckRoute Behavior ::run [ RunTime:0.000328s ]
INFO: [ route_check ] --END-- [ RunTime:0.000372s ]
INFO: [ app_begin ] --START--
INFO: ReadHtmlCache Behavior ::run [ RunTime:0.000213s ]
INFO: [ app_begin ] --END-- [ RunTime:0.000244s ]
SQL: SHOW COLUMNS FROM `ros_app` [ RunTime:0.001166s ]
SQL: SHOW COLUMNS FROM `ros_user` [ RunTime:0.000974s ]
SQL: SELECT `id`,`desk1`,`desk2`,`desk3`,`desk4`,`desk5` FROM `ros_user`  [ RunTime:0.000258s ]
SQL: SELECT * FROM `ros_app` WHERE ( `id` = 1 ) LIMIT 1   [ RunTime:0.000311s ]
SQL: SELECT * FROM `ros_app` WHERE ( `id` = 2 ) LIMIT 1   [ RunTime:0.000240s ]
SQL: SELECT * FROM `ros_app` WHERE ( `id` = 3 ) LIMIT 1   [ RunTime:0.000209s ]
NOTIC: [8] Undefined offset: 1 /Users/wangyingran/sites/ROS/App/Lib/Action/Home/IndexAction.class.php 第 33 行.
SQL: SELECT * FROM `ros_app` WHERE ( `id` = null ) LIMIT 1   [ RunTime:0.000146s ]
NOTIC: [8] Undefined offset: 1 /Users/wangyingran/sites/ROS/App/Lib/Action/Home/IndexAction.class.php 第 33 行.
SQL: SELECT * FROM `ros_app` WHERE ( `id` = null ) LIMIT 1   [ RunTime:0.000134s ]

[ 2014-01-05T00:03:21+08:00 ] 0.0.0.0 /ros/
INFO: [ app_begin ] --START--
INFO: ReadHtmlCache Behavior ::run [ RunTime:0.000237s ]
INFO: [ app_begin ] --END-- [ RunTime:0.000285s ]
INFO: [ view_parse ] --START--
INFO: ParseTemplate Behavior ::run [ RunTime:0.003679s ]
INFO: [ view_parse ] --END-- [ RunTime:0.003720s ]
INFO: [ view_filter ] --START--
INFO: ContentReplace Behavior ::run [ RunTime:0.000199s ]
INFO: TokenBuild Behavior ::run [ RunTime:0.000166s ]
INFO: WriteHtmlCache Behavior ::run [ RunTime:0.000107s ]
INFO: ShowRuntime Behavior ::run [ RunTime:0.000197s ]
INFO: [ view_filter ] --END-- [ RunTime:0.000771s ]
INFO: [ view_end ] --START--
INFO: ShowPageTrace Behavior ::run [ RunTime:0.000266s ]
INFO: [ view_end ] --END-- [ RunTime:0.000299s ]

[ 2014-01-05T00:03:21+08:00 ] 0.0.0.0 /ros/index.php/Index/getApp
INFO: [ route_check ] --START--
INFO: CheckRoute Behavior ::run [ RunTime:0.000377s ]
INFO: [ route_check ] --END-- [ RunTime:0.000432s ]
INFO: [ app_begin ] --START--
INFO: ReadHtmlCache Behavior ::run [ RunTime:0.000241s ]
INFO: [ app_begin ] --END-- [ RunTime:0.000275s ]
SQL: SHOW COLUMNS FROM `ros_app` [ RunTime:0.042004s ]
SQL: SHOW COLUMNS FROM `ros_user` [ RunTime:0.001558s ]
SQL: SELECT `id`,`desk1`,`desk2`,`desk3`,`desk4`,`desk5` FROM `ros_user`  [ RunTime:0.000260s ]
SQL: SELECT * FROM `ros_app` WHERE ( `id` = 1 ) LIMIT 1   [ RunTime:0.000252s ]
SQL: SELECT * FROM `ros_app` WHERE ( `id` = 2 ) LIMIT 1   [ RunTime:0.000197s ]
SQL: SELECT * FROM `ros_app` WHERE ( `id` = 3 ) LIMIT 1   [ RunTime:0.000238s ]
NOTIC: [8] Undefined offset: 1 /Users/wangyingran/sites/ROS/App/Lib/Action/Home/IndexAction.class.php 第 33 行.
SQL: SELECT * FROM `ros_app` WHERE ( `id` = null ) LIMIT 1   [ RunTime:0.000177s ]
NOTIC: [8] Undefined offset: 1 /Users/wangyingran/sites/ROS/App/Lib/Action/Home/IndexAction.class.php 第 33 行.
SQL: SELECT * FROM `ros_app` WHERE ( `id` = null ) LIMIT 1   [ RunTime:0.000159s ]

