[ 2014-01-09T21:15:15+08:00 ] 0.0.0.0 /ros/
INFO: [ app_begin ] --START--
INFO: ReadHtmlCache Behavior ::run [ RunTime:0.000239s ]
INFO: [ app_begin ] --END-- [ RunTime:0.000284s ]
INFO: [ view_parse ] --START--
INFO: ParseTemplate Behavior ::run [ RunTime:0.004016s ]
INFO: [ view_parse ] --END-- [ RunTime:0.004055s ]
INFO: [ view_filter ] --START--
INFO: ContentReplace Behavior ::run [ RunTime:0.000215s ]
INFO: TokenBuild Behavior ::run [ RunTime:0.000175s ]
INFO: WriteHtmlCache Behavior ::run [ RunTime:0.000119s ]
INFO: ShowRuntime Behavior ::run [ RunTime:0.000208s ]
INFO: [ view_filter ] --END-- [ RunTime:0.000814s ]
INFO: [ view_end ] --START--
INFO: ShowPageTrace Behavior ::run [ RunTime:0.000275s ]
INFO: [ view_end ] --END-- [ RunTime:0.000307s ]

[ 2014-01-09T21:15:15+08:00 ] 127.0.0.1 /ros/index.php/Index/getApp
INFO: [ route_check ] --START--
INFO: CheckRoute Behavior ::run [ RunTime:0.000377s ]
INFO: [ route_check ] --END-- [ RunTime:0.000425s ]
INFO: [ app_begin ] --START--
INFO: ReadHtmlCache Behavior ::run [ RunTime:0.000235s ]
INFO: [ app_begin ] --END-- [ RunTime:0.000281s ]
SQL: SHOW COLUMNS FROM `ros_app` [ RunTime:0.001303s ]
SQL: SHOW COLUMNS FROM `ros_userapp` [ RunTime:0.001063s ]
SQL: SELECT * FROM `ros_userapp` WHERE ( `userid` = 1 ) ORDER BY id asc  [ RunTime:0.000211s ]
NOTIC: [2] Invalid argument supplied for foreach() /Users/wangyingran/sites/ROS/App/Lib/Action/Home/IndexAction.class.php 第 31 行.
NOTIC: [2] Invalid argument supplied for foreach() /Users/wangyingran/sites/ROS/App/Lib/Action/Home/IndexAction.class.php 第 31 行.
NOTIC: [2] Invalid argument supplied for foreach() /Users/wangyingran/sites/ROS/App/Lib/Action/Home/IndexAction.class.php 第 31 行.
NOTIC: [2] Invalid argument supplied for foreach() /Users/wangyingran/sites/ROS/App/Lib/Action/Home/IndexAction.class.php 第 31 行.
NOTIC: [2] Invalid argument supplied for foreach() /Users/wangyingran/sites/ROS/App/Lib/Action/Home/IndexAction.class.php 第 31 行.

[ 2014-01-09T21:15:16+08:00 ] 0.0.0.0 /ros/
INFO: [ app_begin ] --START--
INFO: ReadHtmlCache Behavior ::run [ RunTime:0.000239s ]
INFO: [ app_begin ] --END-- [ RunTime:0.000284s ]
INFO: [ view_parse ] --START--
INFO: ParseTemplate Behavior ::run [ RunTime:0.003918s ]
INFO: [ view_parse ] --END-- [ RunTime:0.003959s ]
INFO: [ view_filter ] --START--
INFO: ContentReplace Behavior ::run [ RunTime:0.000217s ]
INFO: TokenBuild Behavior ::run [ RunTime:0.000173s ]
INFO: WriteHtmlCache Behavior ::run [ RunTime:0.000111s ]
INFO: ShowRuntime Behavior ::run [ RunTime:0.000206s ]
INFO: [ view_filter ] --END-- [ RunTime:0.000806s ]
INFO: [ view_end ] --START--
INFO: ShowPageTrace Behavior ::run [ RunTime:0.000282s ]
INFO: [ view_end ] --END-- [ RunTime:0.000316s ]

[ 2014-01-09T21:15:17+08:00 ] 127.0.0.1 /ros/index.php/Index/getApp
INFO: [ route_check ] --START--
INFO: CheckRoute Behavior ::run [ RunTime:0.000356s ]
INFO: [ route_check ] --END-- [ RunTime:0.000401s ]
INFO: [ app_begin ] --START--
INFO: ReadHtmlCache Behavior ::run [ RunTime:0.000234s ]
INFO: [ app_begin ] --END-- [ RunTime:0.000270s ]
SQL: SHOW COLUMNS FROM `ros_app` [ RunTime:0.009680s ]
SQL: SHOW COLUMNS FROM `ros_userapp` [ RunTime:0.001013s ]
SQL: SELECT * FROM `ros_userapp` WHERE ( `userid` = 1 ) ORDER BY id asc  [ RunTime:0.000212s ]
NOTIC: [2] Invalid argument supplied for foreach() /Users/wangyingran/sites/ROS/App/Lib/Action/Home/IndexAction.class.php 第 31 行.
NOTIC: [2] Invalid argument supplied for foreach() /Users/wangyingran/sites/ROS/App/Lib/Action/Home/IndexAction.class.php 第 31 行.
NOTIC: [2] Invalid argument supplied for foreach() /Users/wangyingran/sites/ROS/App/Lib/Action/Home/IndexAction.class.php 第 31 行.
NOTIC: [2] Invalid argument supplied for foreach() /Users/wangyingran/sites/ROS/App/Lib/Action/Home/IndexAction.class.php 第 31 行.
NOTIC: [2] Invalid argument supplied for foreach() /Users/wangyingran/sites/ROS/App/Lib/Action/Home/IndexAction.class.php 第 31 行.

[ 2014-01-09T21:15:17+08:00 ] 0.0.0.0 /ros/
INFO: [ app_begin ] --START--
INFO: ReadHtmlCache Behavior ::run [ RunTime:0.000237s ]
INFO: [ app_begin ] --END-- [ RunTime:0.000282s ]
INFO: [ view_parse ] --START--
INFO: ParseTemplate Behavior ::run [ RunTime:0.003896s ]
INFO: [ view_parse ] --END-- [ RunTime:0.003940s ]
INFO: [ view_filter ] --START--
INFO: ContentReplace Behavior ::run [ RunTime:0.000204s ]
INFO: TokenBuild Behavior ::run [ RunTime:0.000176s ]
INFO: WriteHtmlCache Behavior ::run [ RunTime:0.000111s ]
INFO: ShowRuntime Behavior ::run [ RunTime:0.000209s ]
INFO: [ view_filter ] --END-- [ RunTime:0.000808s ]
INFO: [ view_end ] --START--
INFO: ShowPageTrace Behavior ::run [ RunTime:0.000284s ]
INFO: [ view_end ] --END-- [ RunTime:0.000317s ]

[ 2014-01-09T21:15:17+08:00 ] 127.0.0.1 /ros/index.php/Index/getApp
INFO: [ route_check ] --START--
INFO: CheckRoute Behavior ::run [ RunTime:0.000372s ]
INFO: [ route_check ] --END-- [ RunTime:0.000420s ]
INFO: [ app_begin ] --START--
INFO: ReadHtmlCache Behavior ::run [ RunTime:0.000244s ]
INFO: [ app_begin ] --END-- [ RunTime:0.000282s ]
SQL: SHOW COLUMNS FROM `ros_app` [ RunTime:0.001598s ]
SQL: SHOW COLUMNS FROM `ros_userapp` [ RunTime:0.000969s ]
SQL: SELECT * FROM `ros_userapp` WHERE ( `userid` = 1 ) ORDER BY id asc  [ RunTime:0.000201s ]
NOTIC: [2] Invalid argument supplied for foreach() /Users/wangyingran/sites/ROS/App/Lib/Action/Home/IndexAction.class.php 第 31 行.
NOTIC: [2] Invalid argument supplied for foreach() /Users/wangyingran/sites/ROS/App/Lib/Action/Home/IndexAction.class.php 第 31 行.
NOTIC: [2] Invalid argument supplied for foreach() /Users/wangyingran/sites/ROS/App/Lib/Action/Home/IndexAction.class.php 第 31 行.
NOTIC: [2] Invalid argument supplied for foreach() /Users/wangyingran/sites/ROS/App/Lib/Action/Home/IndexAction.class.php 第 31 行.
NOTIC: [2] Invalid argument supplied for foreach() /Users/wangyingran/sites/ROS/App/Lib/Action/Home/IndexAction.class.php 第 31 行.

[ 2014-01-09T21:15:17+08:00 ] 0.0.0.0 /ros/
INFO: [ app_begin ] --START--
INFO: ReadHtmlCache Behavior ::run [ RunTime:0.000254s ]
INFO: [ app_begin ] --END-- [ RunTime:0.000300s ]
INFO: [ view_parse ] --START--
INFO: ParseTemplate Behavior ::run [ RunTime:0.003929s ]
INFO: [ view_parse ] --END-- [ RunTime:0.003986s ]
INFO: [ view_filter ] --START--
INFO: ContentReplace Behavior ::run [ RunTime:0.000197s ]
INFO: TokenBuild Behavior ::run [ RunTime:0.000169s ]
INFO: WriteHtmlCache Behavior ::run [ RunTime:0.000106s ]
INFO: ShowRuntime Behavior ::run [ RunTime:0.000198s ]
INFO: [ view_filter ] --END-- [ RunTime:0.000767s ]
INFO: [ view_end ] --START--
INFO: ShowPageTrace Behavior ::run [ RunTime:0.000272s ]
INFO: [ view_end ] --END-- [ RunTime:0.000305s ]

[ 2014-01-09T21:15:17+08:00 ] 127.0.0.1 /ros/index.php/Index/getApp
INFO: [ route_check ] --START--
INFO: CheckRoute Behavior ::run [ RunTime:0.000356s ]
INFO: [ route_check ] --END-- [ RunTime:0.000403s ]
INFO: [ app_begin ] --START--
INFO: ReadHtmlCache Behavior ::run [ RunTime:0.000234s ]
INFO: [ app_begin ] --END-- [ RunTime:0.000280s ]
SQL: SHOW COLUMNS FROM `ros_app` [ RunTime:0.001631s ]
SQL: SHOW COLUMNS FROM `ros_userapp` [ RunTime:0.001047s ]
SQL: SELECT * FROM `ros_userapp` WHERE ( `userid` = 1 ) ORDER BY id asc  [ RunTime:0.000227s ]
NOTIC: [2] Invalid argument supplied for foreach() /Users/wangyingran/sites/ROS/App/Lib/Action/Home/IndexAction.class.php 第 31 行.
NOTIC: [2] Invalid argument supplied for foreach() /Users/wangyingran/sites/ROS/App/Lib/Action/Home/IndexAction.class.php 第 31 行.
NOTIC: [2] Invalid argument supplied for foreach() /Users/wangyingran/sites/ROS/App/Lib/Action/Home/IndexAction.class.php 第 31 行.
NOTIC: [2] Invalid argument supplied for foreach() /Users/wangyingran/sites/ROS/App/Lib/Action/Home/IndexAction.class.php 第 31 行.
NOTIC: [2] Invalid argument supplied for foreach() /Users/wangyingran/sites/ROS/App/Lib/Action/Home/IndexAction.class.php 第 31 行.

[ 2014-01-09T21:15:17+08:00 ] 0.0.0.0 /ros/
INFO: [ app_begin ] --START--
INFO: ReadHtmlCache Behavior ::run [ RunTime:0.000261s ]
INFO: [ app_begin ] --END-- [ RunTime:0.000315s ]
INFO: [ view_parse ] --START--
INFO: ParseTemplate Behavior ::run [ RunTime:0.003961s ]
INFO: [ view_parse ] --END-- [ RunTime:0.004007s ]
INFO: [ view_filter ] --START--
INFO: ContentReplace Behavior ::run [ RunTime:0.000198s ]
INFO: TokenBuild Behavior ::run [ RunTime:0.000171s ]
INFO: WriteHtmlCache Behavior ::run [ RunTime:0.000109s ]
INFO: ShowRuntime Behavior ::run [ RunTime:0.000214s ]
INFO: [ view_filter ] --END-- [ RunTime:0.000791s ]
INFO: [ view_end ] --START--
INFO: ShowPageTrace Behavior ::run [ RunTime:0.000272s ]
INFO: [ view_end ] --END-- [ RunTime:0.000303s ]

[ 2014-01-09T21:15:17+08:00 ] 127.0.0.1 /ros/index.php/Index/getApp
INFO: [ route_check ] --START--
INFO: CheckRoute Behavior ::run [ RunTime:0.000380s ]
INFO: [ route_check ] --END-- [ RunTime:0.000427s ]
INFO: [ app_begin ] --START--
INFO: ReadHtmlCache Behavior ::run [ RunTime:0.000243s ]
INFO: [ app_begin ] --END-- [ RunTime:0.000280s ]
SQL: SHOW COLUMNS FROM `ros_app` [ RunTime:0.001538s ]
SQL: SHOW COLUMNS FROM `ros_userapp` [ RunTime:0.000889s ]
SQL: SELECT * FROM `ros_userapp` WHERE ( `userid` = 1 ) ORDER BY id asc  [ RunTime:0.000193s ]
NOTIC: [2] Invalid argument supplied for foreach() /Users/wangyingran/sites/ROS/App/Lib/Action/Home/IndexAction.class.php 第 31 行.
NOTIC: [2] Invalid argument supplied for foreach() /Users/wangyingran/sites/ROS/App/Lib/Action/Home/IndexAction.class.php 第 31 行.
NOTIC: [2] Invalid argument supplied for foreach() /Users/wangyingran/sites/ROS/App/Lib/Action/Home/IndexAction.class.php 第 31 行.
NOTIC: [2] Invalid argument supplied for foreach() /Users/wangyingran/sites/ROS/App/Lib/Action/Home/IndexAction.class.php 第 31 行.
NOTIC: [2] Invalid argument supplied for foreach() /Users/wangyingran/sites/ROS/App/Lib/Action/Home/IndexAction.class.php 第 31 行.

[ 2014-01-09T21:15:18+08:00 ] 0.0.0.0 /ros/
INFO: [ app_begin ] --START--
INFO: ReadHtmlCache Behavior ::run [ RunTime:0.000241s ]
INFO: [ app_begin ] --END-- [ RunTime:0.000290s ]
INFO: [ view_parse ] --START--
INFO: ParseTemplate Behavior ::run [ RunTime:0.003762s ]
INFO: [ view_parse ] --END-- [ RunTime:0.003802s ]
INFO: [ view_filter ] --START--
INFO: ContentReplace Behavior ::run [ RunTime:0.000199s ]
INFO: TokenBuild Behavior ::run [ RunTime:0.000166s ]
INFO: WriteHtmlCache Behavior ::run [ RunTime:0.000105s ]
INFO: ShowRuntime Behavior ::run [ RunTime:0.000198s ]
INFO: [ view_filter ] --END-- [ RunTime:0.000763s ]
INFO: [ view_end ] --START--
INFO: ShowPageTrace Behavior ::run [ RunTime:0.000269s ]
INFO: [ view_end ] --END-- [ RunTime:0.000302s ]

[ 2014-01-09T21:15:19+08:00 ] 127.0.0.1 /ros/index.php/Index/getApp
INFO: [ route_check ] --START--
INFO: CheckRoute Behavior ::run [ RunTime:0.000371s ]
INFO: [ route_check ] --END-- [ RunTime:0.000420s ]
INFO: [ app_begin ] --START--
INFO: ReadHtmlCache Behavior ::run [ RunTime:0.000232s ]
INFO: [ app_begin ] --END-- [ RunTime:0.000268s ]
SQL: SHOW COLUMNS FROM `ros_app` [ RunTime:0.001559s ]
SQL: SHOW COLUMNS FROM `ros_userapp` [ RunTime:0.001045s ]
SQL: SELECT * FROM `ros_userapp` WHERE ( `userid` = 1 ) ORDER BY id asc  [ RunTime:0.000203s ]
NOTIC: [2] Invalid argument supplied for foreach() /Users/wangyingran/sites/ROS/App/Lib/Action/Home/IndexAction.class.php 第 31 行.
NOTIC: [2] Invalid argument supplied for foreach() /Users/wangyingran/sites/ROS/App/Lib/Action/Home/IndexAction.class.php 第 31 行.
NOTIC: [2] Invalid argument supplied for foreach() /Users/wangyingran/sites/ROS/App/Lib/Action/Home/IndexAction.class.php 第 31 行.
NOTIC: [2] Invalid argument supplied for foreach() /Users/wangyingran/sites/ROS/App/Lib/Action/Home/IndexAction.class.php 第 31 行.
NOTIC: [2] Invalid argument supplied for foreach() /Users/wangyingran/sites/ROS/App/Lib/Action/Home/IndexAction.class.php 第 31 行.

[ 2014-01-09T21:15:27+08:00 ] 0.0.0.0 /ros/
INFO: [ app_begin ] --START--
INFO: ReadHtmlCache Behavior ::run [ RunTime:0.000290s ]
INFO: [ app_begin ] --END-- [ RunTime:0.000346s ]
INFO: [ view_parse ] --START--
INFO: ParseTemplate Behavior ::run [ RunTime:0.003807s ]
INFO: [ view_parse ] --END-- [ RunTime:0.003846s ]
INFO: [ view_filter ] --START--
INFO: ContentReplace Behavior ::run [ RunTime:0.000196s ]
INFO: TokenBuild Behavior ::run [ RunTime:0.000159s ]
INFO: WriteHtmlCache Behavior ::run [ RunTime:0.000103s ]
INFO: ShowRuntime Behavior ::run [ RunTime:0.000189s ]
INFO: [ view_filter ] --END-- [ RunTime:0.000739s ]
INFO: [ view_end ] --START--
INFO: ShowPageTrace Behavior ::run [ RunTime:0.000268s ]
INFO: [ view_end ] --END-- [ RunTime:0.000298s ]

[ 2014-01-09T21:15:27+08:00 ] 127.0.0.1 /ros/index.php/Index/getApp
INFO: [ route_check ] --START--
INFO: CheckRoute Behavior ::run [ RunTime:0.000334s ]
INFO: [ route_check ] --END-- [ RunTime:0.000380s ]
INFO: [ app_begin ] --START--
INFO: ReadHtmlCache Behavior ::run [ RunTime:0.000208s ]
INFO: [ app_begin ] --END-- [ RunTime:0.000241s ]
SQL: SHOW COLUMNS FROM `ros_app` [ RunTime:0.001172s ]
SQL: SHOW COLUMNS FROM `ros_userapp` [ RunTime:0.001042s ]
SQL: SELECT * FROM `ros_userapp` WHERE ( `userid` = 1 ) ORDER BY id asc  [ RunTime:0.000263s ]
NOTIC: [2] Invalid argument supplied for foreach() /Users/wangyingran/sites/ROS/App/Lib/Action/Home/IndexAction.class.php 第 31 行.
NOTIC: [2] Invalid argument supplied for foreach() /Users/wangyingran/sites/ROS/App/Lib/Action/Home/IndexAction.class.php 第 31 行.
NOTIC: [2] Invalid argument supplied for foreach() /Users/wangyingran/sites/ROS/App/Lib/Action/Home/IndexAction.class.php 第 31 行.
NOTIC: [2] Invalid argument supplied for foreach() /Users/wangyingran/sites/ROS/App/Lib/Action/Home/IndexAction.class.php 第 31 行.
NOTIC: [2] Invalid argument supplied for foreach() /Users/wangyingran/sites/ROS/App/Lib/Action/Home/IndexAction.class.php 第 31 行.

[ 2014-01-09T21:15:33+08:00 ] 0.0.0.0 /ros/
INFO: [ app_begin ] --START--
INFO: ReadHtmlCache Behavior ::run [ RunTime:0.000241s ]
INFO: [ app_begin ] --END-- [ RunTime:0.000287s ]
INFO: [ view_parse ] --START--
INFO: ParseTemplate Behavior ::run [ RunTime:0.003868s ]
INFO: [ view_parse ] --END-- [ RunTime:0.003912s ]
INFO: [ view_filter ] --START--
INFO: ContentReplace Behavior ::run [ RunTime:0.000194s ]
INFO: TokenBuild Behavior ::run [ RunTime:0.000170s ]
INFO: WriteHtmlCache Behavior ::run [ RunTime:0.000107s ]
INFO: ShowRuntime Behavior ::run [ RunTime:0.000201s ]
INFO: [ view_filter ] --END-- [ RunTime:0.000766s ]
INFO: [ view_end ] --START--
INFO: ShowPageTrace Behavior ::run [ RunTime:0.000271s ]
INFO: [ view_end ] --END-- [ RunTime:0.000303s ]

[ 2014-01-09T21:15:33+08:00 ] 127.0.0.1 /ros/index.php/Index/getApp
INFO: [ route_check ] --START--
INFO: CheckRoute Behavior ::run [ RunTime:0.000392s ]
INFO: [ route_check ] --END-- [ RunTime:0.000447s ]
INFO: [ app_begin ] --START--
INFO: ReadHtmlCache Behavior ::run [ RunTime:0.000242s ]
INFO: [ app_begin ] --END-- [ RunTime:0.000279s ]
SQL: SHOW COLUMNS FROM `ros_app` [ RunTime:0.001734s ]
SQL: SHOW COLUMNS FROM `ros_userapp` [ RunTime:0.001251s ]
SQL: SELECT * FROM `ros_userapp` WHERE ( `userid` = 1 ) ORDER BY id asc  [ RunTime:0.000249s ]
NOTIC: [2] Invalid argument supplied for foreach() /Users/wangyingran/sites/ROS/App/Lib/Action/Home/IndexAction.class.php 第 31 行.
NOTIC: [2] Invalid argument supplied for foreach() /Users/wangyingran/sites/ROS/App/Lib/Action/Home/IndexAction.class.php 第 31 行.
NOTIC: [2] Invalid argument supplied for foreach() /Users/wangyingran/sites/ROS/App/Lib/Action/Home/IndexAction.class.php 第 31 行.
NOTIC: [2] Invalid argument supplied for foreach() /Users/wangyingran/sites/ROS/App/Lib/Action/Home/IndexAction.class.php 第 31 行.
NOTIC: [2] Invalid argument supplied for foreach() /Users/wangyingran/sites/ROS/App/Lib/Action/Home/IndexAction.class.php 第 31 行.

[ 2014-01-09T21:15:33+08:00 ] 0.0.0.0 /ros/
INFO: [ app_begin ] --START--
INFO: ReadHtmlCache Behavior ::run [ RunTime:0.000224s ]
INFO: [ app_begin ] --END-- [ RunTime:0.000268s ]
INFO: [ view_parse ] --START--
INFO: ParseTemplate Behavior ::run [ RunTime:0.003469s ]
INFO: [ view_parse ] --END-- [ RunTime:0.003506s ]
INFO: [ view_filter ] --START--
INFO: ContentReplace Behavior ::run [ RunTime:0.000191s ]
INFO: TokenBuild Behavior ::run [ RunTime:0.000157s ]
INFO: WriteHtmlCache Behavior ::run [ RunTime:0.000099s ]
INFO: ShowRuntime Behavior ::run [ RunTime:0.000186s ]
INFO: [ view_filter ] --END-- [ RunTime:0.000725s ]
INFO: [ view_end ] --START--
INFO: ShowPageTrace Behavior ::run [ RunTime:0.000254s ]
INFO: [ view_end ] --END-- [ RunTime:0.000285s ]

[ 2014-01-09T21:15:33+08:00 ] 0.0.0.0 /ros/
INFO: [ app_begin ] --START--
INFO: ReadHtmlCache Behavior ::run [ RunTime:0.000225s ]
INFO: [ app_begin ] --END-- [ RunTime:0.000271s ]
INFO: [ view_parse ] --START--
INFO: ParseTemplate Behavior ::run [ RunTime:0.003616s ]
INFO: [ view_parse ] --END-- [ RunTime:0.003660s ]
INFO: [ view_filter ] --START--
INFO: ContentReplace Behavior ::run [ RunTime:0.000197s ]
INFO: TokenBuild Behavior ::run [ RunTime:0.000159s ]
INFO: WriteHtmlCache Behavior ::run [ RunTime:0.000099s ]
INFO: ShowRuntime Behavior ::run [ RunTime:0.000188s ]
INFO: [ view_filter ] --END-- [ RunTime:0.000742s ]
INFO: [ view_end ] --START--
INFO: ShowPageTrace Behavior ::run [ RunTime:0.000257s ]
INFO: [ view_end ] --END-- [ RunTime:0.000287s ]

[ 2014-01-09T21:15:33+08:00 ] 127.0.0.1 /ros/index.php/Index/getApp
INFO: [ route_check ] --START--
INFO: CheckRoute Behavior ::run [ RunTime:0.000381s ]
INFO: [ route_check ] --END-- [ RunTime:0.000432s ]
INFO: [ app_begin ] --START--
INFO: ReadHtmlCache Behavior ::run [ RunTime:0.000289s ]
INFO: [ app_begin ] --END-- [ RunTime:0.000339s ]
SQL: SHOW COLUMNS FROM `ros_app` [ RunTime:0.001343s ]
SQL: SHOW COLUMNS FROM `ros_userapp` [ RunTime:0.000960s ]
SQL: SELECT * FROM `ros_userapp` WHERE ( `userid` = 1 ) ORDER BY id asc  [ RunTime:0.000238s ]
NOTIC: [2] Invalid argument supplied for foreach() /Users/wangyingran/sites/ROS/App/Lib/Action/Home/IndexAction.class.php 第 31 行.
NOTIC: [2] Invalid argument supplied for foreach() /Users/wangyingran/sites/ROS/App/Lib/Action/Home/IndexAction.class.php 第 31 行.
NOTIC: [2] Invalid argument supplied for foreach() /Users/wangyingran/sites/ROS/App/Lib/Action/Home/IndexAction.class.php 第 31 行.
NOTIC: [2] Invalid argument supplied for foreach() /Users/wangyingran/sites/ROS/App/Lib/Action/Home/IndexAction.class.php 第 31 行.
NOTIC: [2] Invalid argument supplied for foreach() /Users/wangyingran/sites/ROS/App/Lib/Action/Home/IndexAction.class.php 第 31 行.

[ 2014-01-09T21:15:34+08:00 ] 0.0.0.0 /ros/
INFO: [ app_begin ] --START--
INFO: ReadHtmlCache Behavior ::run [ RunTime:0.000246s ]
INFO: [ app_begin ] --END-- [ RunTime:0.000296s ]
INFO: [ view_parse ] --START--
INFO: ParseTemplate Behavior ::run [ RunTime:0.003963s ]
INFO: [ view_parse ] --END-- [ RunTime:0.004012s ]
INFO: [ view_filter ] --START--
INFO: ContentReplace Behavior ::run [ RunTime:0.000200s ]
INFO: TokenBuild Behavior ::run [ RunTime:0.000184s ]
INFO: WriteHtmlCache Behavior ::run [ RunTime:0.000118s ]
INFO: ShowRuntime Behavior ::run [ RunTime:0.000201s ]
INFO: [ view_filter ] --END-- [ RunTime:0.000801s ]
INFO: [ view_end ] --START--
INFO: ShowPageTrace Behavior ::run [ RunTime:0.000275s ]
INFO: [ view_end ] --END-- [ RunTime:0.000307s ]

[ 2014-01-09T21:15:34+08:00 ] 127.0.0.1 /ros/index.php/Index/getApp
INFO: [ route_check ] --START--
INFO: CheckRoute Behavior ::run [ RunTime:0.000384s ]
INFO: [ route_check ] --END-- [ RunTime:0.000436s ]
INFO: [ app_begin ] --START--
INFO: ReadHtmlCache Behavior ::run [ RunTime:0.000235s ]
INFO: [ app_begin ] --END-- [ RunTime:0.000272s ]
SQL: SHOW COLUMNS FROM `ros_app` [ RunTime:0.001215s ]
SQL: SHOW COLUMNS FROM `ros_userapp` [ RunTime:0.000933s ]
SQL: SELECT * FROM `ros_userapp` WHERE ( `userid` = 1 ) ORDER BY id asc  [ RunTime:0.000238s ]
NOTIC: [2] Invalid argument supplied for foreach() /Users/wangyingran/sites/ROS/App/Lib/Action/Home/IndexAction.class.php 第 31 行.
NOTIC: [2] Invalid argument supplied for foreach() /Users/wangyingran/sites/ROS/App/Lib/Action/Home/IndexAction.class.php 第 31 行.
NOTIC: [2] Invalid argument supplied for foreach() /Users/wangyingran/sites/ROS/App/Lib/Action/Home/IndexAction.class.php 第 31 行.
NOTIC: [2] Invalid argument supplied for foreach() /Users/wangyingran/sites/ROS/App/Lib/Action/Home/IndexAction.class.php 第 31 行.
NOTIC: [2] Invalid argument supplied for foreach() /Users/wangyingran/sites/ROS/App/Lib/Action/Home/IndexAction.class.php 第 31 行.

[ 2014-01-09T21:15:34+08:00 ] 127.0.0.1 /ros/index.php/Index/getApp
INFO: [ route_check ] --START--
INFO: CheckRoute Behavior ::run [ RunTime:0.000356s ]
INFO: [ route_check ] --END-- [ RunTime:0.000404s ]
INFO: [ app_begin ] --START--
INFO: ReadHtmlCache Behavior ::run [ RunTime:0.000230s ]
INFO: [ app_begin ] --END-- [ RunTime:0.000267s ]
SQL: SHOW COLUMNS FROM `ros_app` [ RunTime:0.001230s ]
SQL: SHOW COLUMNS FROM `ros_userapp` [ RunTime:0.001149s ]
SQL: SELECT * FROM `ros_userapp` WHERE ( `userid` = 1 ) ORDER BY id asc  [ RunTime:0.000292s ]
NOTIC: [2] Invalid argument supplied for foreach() /Users/wangyingran/sites/ROS/App/Lib/Action/Home/IndexAction.class.php 第 31 行.
NOTIC: [2] Invalid argument supplied for foreach() /Users/wangyingran/sites/ROS/App/Lib/Action/Home/IndexAction.class.php 第 31 行.
NOTIC: [2] Invalid argument supplied for foreach() /Users/wangyingran/sites/ROS/App/Lib/Action/Home/IndexAction.class.php 第 31 行.
NOTIC: [2] Invalid argument supplied for foreach() /Users/wangyingran/sites/ROS/App/Lib/Action/Home/IndexAction.class.php 第 31 行.
NOTIC: [2] Invalid argument supplied for foreach() /Users/wangyingran/sites/ROS/App/Lib/Action/Home/IndexAction.class.php 第 31 行.

[ 2014-01-09T21:17:10+08:00 ] 127.0.0.1 /ros/
INFO: [ app_begin ] --START--
INFO: ReadHtmlCache Behavior ::run [ RunTime:0.000221s ]
INFO: [ app_begin ] --END-- [ RunTime:0.000262s ]
INFO: [ view_parse ] --START--
INFO: ParseTemplate Behavior ::run [ RunTime:0.003611s ]
INFO: [ view_parse ] --END-- [ RunTime:0.003663s ]
INFO: [ view_filter ] --START--
INFO: ContentReplace Behavior ::run [ RunTime:0.000253s ]
INFO: TokenBuild Behavior ::run [ RunTime:0.000183s ]
INFO: WriteHtmlCache Behavior ::run [ RunTime:0.000120s ]
INFO: ShowRuntime Behavior ::run [ RunTime:0.000204s ]
INFO: [ view_filter ] --END-- [ RunTime:0.000869s ]
INFO: [ view_end ] --START--
INFO: ShowPageTrace Behavior ::run [ RunTime:0.000296s ]
INFO: [ view_end ] --END-- [ RunTime:0.000329s ]

[ 2014-01-09T21:17:10+08:00 ] 127.0.0.1 /ros/index.php/Index/getApp
INFO: [ route_check ] --START--
INFO: CheckRoute Behavior ::run [ RunTime:0.000354s ]
INFO: [ route_check ] --END-- [ RunTime:0.000398s ]
INFO: [ app_begin ] --START--
INFO: ReadHtmlCache Behavior ::run [ RunTime:0.000240s ]
INFO: [ app_begin ] --END-- [ RunTime:0.000271s ]
SQL: SHOW COLUMNS FROM `ros_app` [ RunTime:0.001385s ]
SQL: SHOW COLUMNS FROM `ros_userapp` [ RunTime:0.001134s ]
SQL: SELECT * FROM `ros_userapp` WHERE ( `userid` = 1 ) ORDER BY id asc  [ RunTime:0.000181s ]
NOTIC: [2] Invalid argument supplied for foreach() /Users/wangyingran/sites/ROS/App/Lib/Action/Home/IndexAction.class.php 第 31 行.
NOTIC: [2] Invalid argument supplied for foreach() /Users/wangyingran/sites/ROS/App/Lib/Action/Home/IndexAction.class.php 第 31 行.
NOTIC: [2] Invalid argument supplied for foreach() /Users/wangyingran/sites/ROS/App/Lib/Action/Home/IndexAction.class.php 第 31 行.
NOTIC: [2] Invalid argument supplied for foreach() /Users/wangyingran/sites/ROS/App/Lib/Action/Home/IndexAction.class.php 第 31 行.
NOTIC: [2] Invalid argument supplied for foreach() /Users/wangyingran/sites/ROS/App/Lib/Action/Home/IndexAction.class.php 第 31 行.

[ 2014-01-09T21:17:12+08:00 ] 127.0.0.1 /ros/
INFO: [ app_begin ] --START--
INFO: ReadHtmlCache Behavior ::run [ RunTime:0.000222s ]
INFO: [ app_begin ] --END-- [ RunTime:0.000265s ]
INFO: [ view_parse ] --START--
INFO: ParseTemplate Behavior ::run [ RunTime:0.003610s ]
INFO: [ view_parse ] --END-- [ RunTime:0.003648s ]
INFO: [ view_filter ] --START--
INFO: ContentReplace Behavior ::run [ RunTime:0.000186s ]
INFO: TokenBuild Behavior ::run [ RunTime:0.000163s ]
INFO: WriteHtmlCache Behavior ::run [ RunTime:0.000101s ]
INFO: ShowRuntime Behavior ::run [ RunTime:0.000195s ]
INFO: [ view_filter ] --END-- [ RunTime:0.000740s ]
INFO: [ view_end ] --START--
INFO: ShowPageTrace Behavior ::run [ RunTime:0.000281s ]
INFO: [ view_end ] --END-- [ RunTime:0.000313s ]

[ 2014-01-09T21:17:12+08:00 ] 127.0.0.1 /ros/index.php/Index/getApp
INFO: [ route_check ] --START--
INFO: CheckRoute Behavior ::run [ RunTime:0.000335s ]
INFO: [ route_check ] --END-- [ RunTime:0.000380s ]
INFO: [ app_begin ] --START--
INFO: ReadHtmlCache Behavior ::run [ RunTime:0.000216s ]
INFO: [ app_begin ] --END-- [ RunTime:0.000247s ]
SQL: SHOW COLUMNS FROM `ros_app` [ RunTime:0.001683s ]
SQL: SHOW COLUMNS FROM `ros_userapp` [ RunTime:0.001119s ]
SQL: SELECT * FROM `ros_userapp` WHERE ( `userid` = 1 ) ORDER BY id asc  [ RunTime:0.000232s ]
NOTIC: [2] Invalid argument supplied for foreach() /Users/wangyingran/sites/ROS/App/Lib/Action/Home/IndexAction.class.php 第 31 行.
NOTIC: [2] Invalid argument supplied for foreach() /Users/wangyingran/sites/ROS/App/Lib/Action/Home/IndexAction.class.php 第 31 行.
NOTIC: [2] Invalid argument supplied for foreach() /Users/wangyingran/sites/ROS/App/Lib/Action/Home/IndexAction.class.php 第 31 行.
NOTIC: [2] Invalid argument supplied for foreach() /Users/wangyingran/sites/ROS/App/Lib/Action/Home/IndexAction.class.php 第 31 行.
NOTIC: [2] Invalid argument supplied for foreach() /Users/wangyingran/sites/ROS/App/Lib/Action/Home/IndexAction.class.php 第 31 行.

[ 2014-01-09T21:17:13+08:00 ] 127.0.0.1 /ros/
INFO: [ app_begin ] --START--
INFO: ReadHtmlCache Behavior ::run [ RunTime:0.000227s ]
INFO: [ app_begin ] --END-- [ RunTime:0.000270s ]
INFO: [ view_parse ] --START--
INFO: ParseTemplate Behavior ::run [ RunTime:0.003688s ]
INFO: [ view_parse ] --END-- [ RunTime:0.003729s ]
INFO: [ view_filter ] --START--
INFO: ContentReplace Behavior ::run [ RunTime:0.000187s ]
INFO: TokenBuild Behavior ::run [ RunTime:0.000163s ]
INFO: WriteHtmlCache Behavior ::run [ RunTime:0.000101s ]
INFO: ShowRuntime Behavior ::run [ RunTime:0.000196s ]
INFO: [ view_filter ] --END-- [ RunTime:0.000742s ]
INFO: [ view_end ] --START--
INFO: ShowPageTrace Behavior ::run [ RunTime:0.000269s ]
INFO: [ view_end ] --END-- [ RunTime:0.000300s ]

[ 2014-01-09T21:17:13+08:00 ] 127.0.0.1 /ros/index.php/Index/getApp
INFO: [ route_check ] --START--
INFO: CheckRoute Behavior ::run [ RunTime:0.000357s ]
INFO: [ route_check ] --END-- [ RunTime:0.000406s ]
INFO: [ app_begin ] --START--
INFO: ReadHtmlCache Behavior ::run [ RunTime:0.000229s ]
INFO: [ app_begin ] --END-- [ RunTime:0.000264s ]
SQL: SHOW COLUMNS FROM `ros_app` [ RunTime:0.001536s ]
SQL: SHOW COLUMNS FROM `ros_userapp` [ RunTime:0.001039s ]
SQL: SELECT * FROM `ros_userapp` WHERE ( `userid` = 1 ) ORDER BY id asc  [ RunTime:0.000195s ]
NOTIC: [2] Invalid argument supplied for foreach() /Users/wangyingran/sites/ROS/App/Lib/Action/Home/IndexAction.class.php 第 31 行.
NOTIC: [2] Invalid argument supplied for foreach() /Users/wangyingran/sites/ROS/App/Lib/Action/Home/IndexAction.class.php 第 31 行.
NOTIC: [2] Invalid argument supplied for foreach() /Users/wangyingran/sites/ROS/App/Lib/Action/Home/IndexAction.class.php 第 31 行.
NOTIC: [2] Invalid argument supplied for foreach() /Users/wangyingran/sites/ROS/App/Lib/Action/Home/IndexAction.class.php 第 31 行.
NOTIC: [2] Invalid argument supplied for foreach() /Users/wangyingran/sites/ROS/App/Lib/Action/Home/IndexAction.class.php 第 31 行.

[ 2014-01-09T21:17:17+08:00 ] 127.0.0.1 /ros/
INFO: [ app_begin ] --START--
INFO: ReadHtmlCache Behavior ::run [ RunTime:0.000222s ]
INFO: [ app_begin ] --END-- [ RunTime:0.000265s ]
INFO: [ view_parse ] --START--
INFO: ParseTemplate Behavior ::run [ RunTime:0.004293s ]
INFO: [ view_parse ] --END-- [ RunTime:0.004339s ]
INFO: [ view_filter ] --START--
INFO: ContentReplace Behavior ::run [ RunTime:0.000193s ]
INFO: TokenBuild Behavior ::run [ RunTime:0.000163s ]
INFO: WriteHtmlCache Behavior ::run [ RunTime:0.000102s ]
INFO: ShowRuntime Behavior ::run [ RunTime:0.000195s ]
INFO: [ view_filter ] --END-- [ RunTime:0.000748s ]
INFO: [ view_end ] --START--
INFO: ShowPageTrace Behavior ::run [ RunTime:0.000271s ]
INFO: [ view_end ] --END-- [ RunTime:0.000303s ]

[ 2014-01-09T21:17:18+08:00 ] 127.0.0.1 /ros/index.php/Index/getApp
INFO: [ route_check ] --START--
INFO: CheckRoute Behavior ::run [ RunTime:0.000332s ]
INFO: [ route_check ] --END-- [ RunTime:0.000385s ]
INFO: [ app_begin ] --START--
INFO: ReadHtmlCache Behavior ::run [ RunTime:0.000208s ]
INFO: [ app_begin ] --END-- [ RunTime:0.000237s ]
SQL: SHOW COLUMNS FROM `ros_app` [ RunTime:0.001140s ]
SQL: SHOW COLUMNS FROM `ros_userapp` [ RunTime:0.000991s ]
SQL: SELECT * FROM `ros_userapp` WHERE ( `userid` = 1 ) ORDER BY id asc  [ RunTime:0.000235s ]
NOTIC: [2] Invalid argument supplied for foreach() /Users/wangyingran/sites/ROS/App/Lib/Action/Home/IndexAction.class.php 第 31 行.
NOTIC: [2] Invalid argument supplied for foreach() /Users/wangyingran/sites/ROS/App/Lib/Action/Home/IndexAction.class.php 第 31 行.
NOTIC: [2] Invalid argument supplied for foreach() /Users/wangyingran/sites/ROS/App/Lib/Action/Home/IndexAction.class.php 第 31 行.
NOTIC: [2] Invalid argument supplied for foreach() /Users/wangyingran/sites/ROS/App/Lib/Action/Home/IndexAction.class.php 第 31 行.
NOTIC: [2] Invalid argument supplied for foreach() /Users/wangyingran/sites/ROS/App/Lib/Action/Home/IndexAction.class.php 第 31 行.

[ 2014-01-09T21:17:18+08:00 ] 127.0.0.1 /ros/
INFO: [ app_begin ] --START--
INFO: ReadHtmlCache Behavior ::run [ RunTime:0.000240s ]
INFO: [ app_begin ] --END-- [ RunTime:0.000288s ]
INFO: [ view_parse ] --START--
INFO: ParseTemplate Behavior ::run [ RunTime:0.003865s ]
INFO: [ view_parse ] --END-- [ RunTime:0.003907s ]
INFO: [ view_filter ] --START--
INFO: ContentReplace Behavior ::run [ RunTime:0.000207s ]
INFO: TokenBuild Behavior ::run [ RunTime:0.000164s ]
INFO: WriteHtmlCache Behavior ::run [ RunTime:0.000109s ]
INFO: ShowRuntime Behavior ::run [ RunTime:0.000218s ]
INFO: [ view_filter ] --END-- [ RunTime:0.000808s ]
INFO: [ view_end ] --START--
INFO: ShowPageTrace Behavior ::run [ RunTime:0.000286s ]
INFO: [ view_end ] --END-- [ RunTime:0.000319s ]

[ 2014-01-09T21:17:19+08:00 ] 127.0.0.1 /ros/index.php/Index/getApp
INFO: [ route_check ] --START--
INFO: CheckRoute Behavior ::run [ RunTime:0.000380s ]
INFO: [ route_check ] --END-- [ RunTime:0.000432s ]
INFO: [ app_begin ] --START--
INFO: ReadHtmlCache Behavior ::run [ RunTime:0.000229s ]
INFO: [ app_begin ] --END-- [ RunTime:0.000262s ]
SQL: SHOW COLUMNS FROM `ros_app` [ RunTime:0.001214s ]
SQL: SHOW COLUMNS FROM `ros_userapp` [ RunTime:0.000973s ]
SQL: SELECT * FROM `ros_userapp` WHERE ( `userid` = 1 ) ORDER BY id asc  [ RunTime:0.000256s ]
NOTIC: [2] Invalid argument supplied for foreach() /Users/wangyingran/sites/ROS/App/Lib/Action/Home/IndexAction.class.php 第 31 行.
NOTIC: [2] Invalid argument supplied for foreach() /Users/wangyingran/sites/ROS/App/Lib/Action/Home/IndexAction.class.php 第 31 行.
NOTIC: [2] Invalid argument supplied for foreach() /Users/wangyingran/sites/ROS/App/Lib/Action/Home/IndexAction.class.php 第 31 行.
NOTIC: [2] Invalid argument supplied for foreach() /Users/wangyingran/sites/ROS/App/Lib/Action/Home/IndexAction.class.php 第 31 行.
NOTIC: [2] Invalid argument supplied for foreach() /Users/wangyingran/sites/ROS/App/Lib/Action/Home/IndexAction.class.php 第 31 行.

[ 2014-01-09T21:17:22+08:00 ] 127.0.0.1 /ros/index.php/App
INFO: [ route_check ] --START--
INFO: CheckRoute Behavior ::run [ RunTime:0.000350s ]
INFO: [ route_check ] --END-- [ RunTime:0.000402s ]
INFO: [ app_begin ] --START--
INFO: ReadHtmlCache Behavior ::run [ RunTime:0.000224s ]
INFO: [ app_begin ] --END-- [ RunTime:0.000259s ]
SQL: SHOW COLUMNS FROM `ros_category` [ RunTime:0.001610s ]
SQL: SHOW COLUMNS FROM `ros_app` [ RunTime:0.001167s ]
SQL: SELECT COUNT(*) AS tp_count FROM `ros_app` WHERE ( `state` = 1 ) LIMIT 1   [ RunTime:0.000282s ]
SQL: SELECT * FROM `ros_category` ORDER BY sort asc  [ RunTime:0.000220s ]
SQL: SELECT `id`,`title`,`icon`,`description` FROM `ros_app` WHERE ( `state` = 1 ) ORDER BY id asc LIMIT 0,5   [ RunTime:0.000221s ]
SQL: SHOW COLUMNS FROM `ros_userapp` [ RunTime:0.001200s ]
NOTIC: [8] Undefined index: userid /Users/wangyingran/sites/ROS/App/Lib/Action/Home/AppAction.class.php 第 190 行.
SQL: SELECT * FROM `ros_userapp` WHERE ( `userid` = null ) AND ( `appid` = 1 ) LIMIT 1   [ RunTime:0.000249s ]
SQL: SELECT `id` FROM `ros_userapp` WHERE ( `type` = 1 ) AND ( `appid` = 1 )  [ RunTime:0.000183s ]
NOTIC: [8] Undefined index: userid /Users/wangyingran/sites/ROS/App/Lib/Action/Home/AppAction.class.php 第 190 行.
SQL: SELECT * FROM `ros_userapp` WHERE ( `userid` = null ) AND ( `appid` = 2 ) LIMIT 1   [ RunTime:0.000194s ]
SQL: SELECT `id` FROM `ros_userapp` WHERE ( `type` = 1 ) AND ( `appid` = 2 )  [ RunTime:0.000159s ]
NOTIC: [8] Undefined index: userid /Users/wangyingran/sites/ROS/App/Lib/Action/Home/AppAction.class.php 第 190 行.
SQL: SELECT * FROM `ros_userapp` WHERE ( `userid` = null ) AND ( `appid` = 3 ) LIMIT 1   [ RunTime:0.000178s ]
SQL: SELECT `id` FROM `ros_userapp` WHERE ( `type` = 1 ) AND ( `appid` = 3 )  [ RunTime:0.000163s ]
NOTIC: [8] Undefined index: userid /Users/wangyingran/sites/ROS/App/Lib/Action/Home/AppAction.class.php 第 190 行.
SQL: SELECT * FROM `ros_userapp` WHERE ( `userid` = null ) AND ( `appid` = 4 ) LIMIT 1   [ RunTime:0.000171s ]
SQL: SELECT `id` FROM `ros_userapp` WHERE ( `type` = 1 ) AND ( `appid` = 4 )  [ RunTime:0.000193s ]
NOTIC: [8] Undefined index: userid /Users/wangyingran/sites/ROS/App/Lib/Action/Home/AppAction.class.php 第 190 行.
SQL: SELECT * FROM `ros_userapp` WHERE ( `userid` = null ) AND ( `appid` = 5 ) LIMIT 1   [ RunTime:0.000168s ]
SQL: SELECT `id` FROM `ros_userapp` WHERE ( `type` = 1 ) AND ( `appid` = 5 )  [ RunTime:0.000153s ]
INFO: [ view_parse ] --START--
INFO: ParseTemplate Behavior ::run [ RunTime:0.006224s ]
INFO: [ view_parse ] --END-- [ RunTime:0.006278s ]
INFO: [ view_filter ] --START--
INFO: ContentReplace Behavior ::run [ RunTime:0.000255s ]
INFO: TokenBuild Behavior ::run [ RunTime:0.000174s ]
INFO: WriteHtmlCache Behavior ::run [ RunTime:0.000111s ]
INFO: ShowRuntime Behavior ::run [ RunTime:0.000204s ]
INFO: [ view_filter ] --END-- [ RunTime:0.000843s ]
INFO: [ view_end ] --START--
INFO: ShowPageTrace Behavior ::run [ RunTime:0.000275s ]
INFO: [ view_end ] --END-- [ RunTime:0.000308s ]

[ 2014-01-09T21:17:32+08:00 ] 127.0.0.1 /ros/index.php/User/signin
INFO: [ route_check ] --START--
INFO: CheckRoute Behavior ::run [ RunTime:0.000357s ]
INFO: [ route_check ] --END-- [ RunTime:0.000400s ]
INFO: [ app_begin ] --START--
INFO: ReadHtmlCache Behavior ::run [ RunTime:0.000216s ]
INFO: [ app_begin ] --END-- [ RunTime:0.000248s ]
NOTIC: 建议使用I方法替代_post
NOTIC: 建议使用I方法替代_post
SQL: SHOW COLUMNS FROM `ros_user` [ RunTime:0.001115s ]
SQL: SELECT * FROM `ros_user` WHERE ( `user` = 'ispxin@vip.qq.com' ) LIMIT 1   [ RunTime:0.000288s ]

[ 2014-01-09T21:17:32+08:00 ] 127.0.0.1 /ros/
INFO: [ app_begin ] --START--
INFO: ReadHtmlCache Behavior ::run [ RunTime:0.000235s ]
INFO: [ app_begin ] --END-- [ RunTime:0.000281s ]
INFO: [ view_parse ] --START--
INFO: ParseTemplate Behavior ::run [ RunTime:0.003585s ]
INFO: [ view_parse ] --END-- [ RunTime:0.003633s ]
INFO: [ view_filter ] --START--
INFO: ContentReplace Behavior ::run [ RunTime:0.000202s ]
INFO: TokenBuild Behavior ::run [ RunTime:0.000174s ]
INFO: WriteHtmlCache Behavior ::run [ RunTime:0.000113s ]
INFO: ShowRuntime Behavior ::run [ RunTime:0.000207s ]
INFO: [ view_filter ] --END-- [ RunTime:0.000791s ]
INFO: [ view_end ] --START--
INFO: ShowPageTrace Behavior ::run [ RunTime:0.000277s ]
INFO: [ view_end ] --END-- [ RunTime:0.000310s ]

[ 2014-01-09T21:17:32+08:00 ] 127.0.0.1 /ros/index.php/Index/getApp
INFO: [ route_check ] --START--
INFO: CheckRoute Behavior ::run [ RunTime:0.000343s ]
INFO: [ route_check ] --END-- [ RunTime:0.000395s ]
INFO: [ app_begin ] --START--
INFO: ReadHtmlCache Behavior ::run [ RunTime:0.000208s ]
INFO: [ app_begin ] --END-- [ RunTime:0.000238s ]
SQL: SHOW COLUMNS FROM `ros_app` [ RunTime:0.001173s ]
SQL: SHOW COLUMNS FROM `ros_userapp` [ RunTime:0.000904s ]
SQL: SELECT * FROM `ros_userapp` WHERE ( `userid` = 2 ) ORDER BY id asc  [ RunTime:0.000194s ]
SQL: SELECT `id`,`title`,`url`,`icon`,`width`,`height`,`isMax` FROM `ros_app` WHERE ( `id` = 1 ) AND ( `state` = 1 ) LIMIT 1   [ RunTime:0.000221s ]
SQL: SELECT `id`,`title`,`url`,`icon`,`width`,`height`,`isMax` FROM `ros_app` WHERE ( `id` = 2 ) AND ( `state` = 1 ) LIMIT 1   [ RunTime:0.000227s ]
SQL: SELECT `id`,`title`,`url`,`icon`,`width`,`height`,`isMax` FROM `ros_app` WHERE ( `id` = 3 ) AND ( `state` = 1 ) LIMIT 1   [ RunTime:0.000200s ]
SQL: SELECT `id`,`title`,`url`,`icon`,`width`,`height`,`isMax` FROM `ros_app` WHERE ( `id` = 4 ) AND ( `state` = 1 ) LIMIT 1   [ RunTime:0.000188s ]
SQL: SELECT `id`,`title`,`url`,`icon`,`width`,`height`,`isMax` FROM `ros_app` WHERE ( `id` = 5 ) AND ( `state` = 1 ) LIMIT 1   [ RunTime:0.000151s ]

[ 2014-01-09T21:17:33+08:00 ] 127.0.0.1 /ros/
INFO: [ app_begin ] --START--
INFO: ReadHtmlCache Behavior ::run [ RunTime:0.000242s ]
INFO: [ app_begin ] --END-- [ RunTime:0.000298s ]
INFO: [ view_parse ] --START--
INFO: ParseTemplate Behavior ::run [ RunTime:0.003727s ]
INFO: [ view_parse ] --END-- [ RunTime:0.003764s ]
INFO: [ view_filter ] --START--
INFO: ContentReplace Behavior ::run [ RunTime:0.000174s ]
INFO: TokenBuild Behavior ::run [ RunTime:0.000153s ]
INFO: WriteHtmlCache Behavior ::run [ RunTime:0.000094s ]
INFO: ShowRuntime Behavior ::run [ RunTime:0.000183s ]
INFO: [ view_filter ] --END-- [ RunTime:0.000693s ]
INFO: [ view_end ] --START--
INFO: ShowPageTrace Behavior ::run [ RunTime:0.000250s ]
INFO: [ view_end ] --END-- [ RunTime:0.000281s ]

[ 2014-01-09T21:17:34+08:00 ] 127.0.0.1 /ros/index.php/Index/getApp
INFO: [ route_check ] --START--
INFO: CheckRoute Behavior ::run [ RunTime:0.000356s ]
INFO: [ route_check ] --END-- [ RunTime:0.000411s ]
INFO: [ app_begin ] --START--
INFO: ReadHtmlCache Behavior ::run [ RunTime:0.000231s ]
INFO: [ app_begin ] --END-- [ RunTime:0.000265s ]
SQL: SHOW COLUMNS FROM `ros_app` [ RunTime:0.001152s ]
SQL: SHOW COLUMNS FROM `ros_userapp` [ RunTime:0.000990s ]
SQL: SELECT * FROM `ros_userapp` WHERE ( `userid` = 2 ) ORDER BY id asc  [ RunTime:0.000260s ]
SQL: SELECT `id`,`title`,`url`,`icon`,`width`,`height`,`isMax` FROM `ros_app` WHERE ( `id` = 1 ) AND ( `state` = 1 ) LIMIT 1   [ RunTime:0.000251s ]
SQL: SELECT `id`,`title`,`url`,`icon`,`width`,`height`,`isMax` FROM `ros_app` WHERE ( `id` = 2 ) AND ( `state` = 1 ) LIMIT 1   [ RunTime:0.000219s ]
SQL: SELECT `id`,`title`,`url`,`icon`,`width`,`height`,`isMax` FROM `ros_app` WHERE ( `id` = 3 ) AND ( `state` = 1 ) LIMIT 1   [ RunTime:0.000201s ]
SQL: SELECT `id`,`title`,`url`,`icon`,`width`,`height`,`isMax` FROM `ros_app` WHERE ( `id` = 4 ) AND ( `state` = 1 ) LIMIT 1   [ RunTime:0.000158s ]
SQL: SELECT `id`,`title`,`url`,`icon`,`width`,`height`,`isMax` FROM `ros_app` WHERE ( `id` = 5 ) AND ( `state` = 1 ) LIMIT 1   [ RunTime:0.000148s ]

[ 2014-01-09T21:17:36+08:00 ] 127.0.0.1 /ros/
INFO: [ app_begin ] --START--
INFO: ReadHtmlCache Behavior ::run [ RunTime:0.000222s ]
INFO: [ app_begin ] --END-- [ RunTime:0.000264s ]
INFO: [ view_parse ] --START--
INFO: ParseTemplate Behavior ::run [ RunTime:0.003492s ]
INFO: [ view_parse ] --END-- [ RunTime:0.003528s ]
INFO: [ view_filter ] --START--
INFO: ContentReplace Behavior ::run [ RunTime:0.000175s ]
INFO: TokenBuild Behavior ::run [ RunTime:0.000153s ]
INFO: WriteHtmlCache Behavior ::run [ RunTime:0.000095s ]
INFO: ShowRuntime Behavior ::run [ RunTime:0.000189s ]
INFO: [ view_filter ] --END-- [ RunTime:0.000698s ]
INFO: [ view_end ] --START--
INFO: ShowPageTrace Behavior ::run [ RunTime:0.000241s ]
INFO: [ view_end ] --END-- [ RunTime:0.000271s ]

[ 2014-01-09T21:17:36+08:00 ] 127.0.0.1 /ros/index.php/Index/getApp
INFO: [ route_check ] --START--
INFO: CheckRoute Behavior ::run [ RunTime:0.000343s ]
INFO: [ route_check ] --END-- [ RunTime:0.000389s ]
INFO: [ app_begin ] --START--
INFO: ReadHtmlCache Behavior ::run [ RunTime:0.000229s ]
INFO: [ app_begin ] --END-- [ RunTime:0.000264s ]
SQL: SHOW COLUMNS FROM `ros_app` [ RunTime:0.001186s ]
SQL: SHOW COLUMNS FROM `ros_userapp` [ RunTime:0.000899s ]
SQL: SELECT * FROM `ros_userapp` WHERE ( `userid` = 2 ) ORDER BY id asc  [ RunTime:0.000253s ]
SQL: SELECT `id`,`title`,`url`,`icon`,`width`,`height`,`isMax` FROM `ros_app` WHERE ( `id` = 1 ) AND ( `state` = 1 ) LIMIT 1   [ RunTime:0.000249s ]
SQL: SELECT `id`,`title`,`url`,`icon`,`width`,`height`,`isMax` FROM `ros_app` WHERE ( `id` = 2 ) AND ( `state` = 1 ) LIMIT 1   [ RunTime:0.000158s ]
SQL: SELECT `id`,`title`,`url`,`icon`,`width`,`height`,`isMax` FROM `ros_app` WHERE ( `id` = 3 ) AND ( `state` = 1 ) LIMIT 1   [ RunTime:0.000146s ]
SQL: SELECT `id`,`title`,`url`,`icon`,`width`,`height`,`isMax` FROM `ros_app` WHERE ( `id` = 4 ) AND ( `state` = 1 ) LIMIT 1   [ RunTime:0.000209s ]
SQL: SELECT `id`,`title`,`url`,`icon`,`width`,`height`,`isMax` FROM `ros_app` WHERE ( `id` = 5 ) AND ( `state` = 1 ) LIMIT 1   [ RunTime:0.000154s ]

[ 2014-01-09T21:17:42+08:00 ] 127.0.0.1 /ros/index.php/App
INFO: [ route_check ] --START--
INFO: CheckRoute Behavior ::run [ RunTime:0.000388s ]
INFO: [ route_check ] --END-- [ RunTime:0.000440s ]
INFO: [ app_begin ] --START--
INFO: ReadHtmlCache Behavior ::run [ RunTime:0.000241s ]
INFO: [ app_begin ] --END-- [ RunTime:0.000278s ]
SQL: SHOW COLUMNS FROM `ros_category` [ RunTime:0.001116s ]
SQL: SHOW COLUMNS FROM `ros_app` [ RunTime:0.001129s ]
SQL: SELECT COUNT(*) AS tp_count FROM `ros_app` WHERE ( `state` = 1 ) LIMIT 1   [ RunTime:0.000364s ]
SQL: SELECT * FROM `ros_category` ORDER BY sort asc  [ RunTime:0.000273s ]
SQL: SELECT `id`,`title`,`icon`,`description` FROM `ros_app` WHERE ( `state` = 1 ) ORDER BY id asc LIMIT 0,5   [ RunTime:0.000223s ]
SQL: SHOW COLUMNS FROM `ros_userapp` [ RunTime:0.001207s ]
SQL: SELECT * FROM `ros_userapp` WHERE ( `userid` = 2 ) AND ( `appid` = 1 ) LIMIT 1   [ RunTime:0.000252s ]
SQL: SELECT `id` FROM `ros_userapp` WHERE ( `type` = 1 ) AND ( `appid` = 1 )  [ RunTime:0.000191s ]
SQL: SELECT * FROM `ros_userapp` WHERE ( `userid` = 2 ) AND ( `appid` = 2 ) LIMIT 1   [ RunTime:0.000151s ]
SQL: SELECT `id` FROM `ros_userapp` WHERE ( `type` = 1 ) AND ( `appid` = 2 )  [ RunTime:0.000137s ]
SQL: SELECT * FROM `ros_userapp` WHERE ( `userid` = 2 ) AND ( `appid` = 3 ) LIMIT 1   [ RunTime:0.000139s ]
SQL: SELECT `id` FROM `ros_userapp` WHERE ( `type` = 1 ) AND ( `appid` = 3 )  [ RunTime:0.000143s ]
SQL: SELECT * FROM `ros_userapp` WHERE ( `userid` = 2 ) AND ( `appid` = 4 ) LIMIT 1   [ RunTime:0.000154s ]
SQL: SELECT `id` FROM `ros_userapp` WHERE ( `type` = 1 ) AND ( `appid` = 4 )  [ RunTime:0.000129s ]
SQL: SELECT * FROM `ros_userapp` WHERE ( `userid` = 2 ) AND ( `appid` = 5 ) LIMIT 1   [ RunTime:0.000135s ]
SQL: SELECT `id` FROM `ros_userapp` WHERE ( `type` = 1 ) AND ( `appid` = 5 )  [ RunTime:0.000163s ]
INFO: [ view_parse ] --START--
INFO: ParseTemplate Behavior ::run [ RunTime:0.006226s ]
INFO: [ view_parse ] --END-- [ RunTime:0.006277s ]
INFO: [ view_filter ] --START--
INFO: ContentReplace Behavior ::run [ RunTime:0.000213s ]
INFO: TokenBuild Behavior ::run [ RunTime:0.000162s ]
INFO: WriteHtmlCache Behavior ::run [ RunTime:0.000112s ]
INFO: ShowRuntime Behavior ::run [ RunTime:0.000198s ]
INFO: [ view_filter ] --END-- [ RunTime:0.000782s ]
INFO: [ view_end ] --START--
INFO: ShowPageTrace Behavior ::run [ RunTime:0.000312s ]
INFO: [ view_end ] --END-- [ RunTime:0.000347s ]

[ 2014-01-09T21:17:45+08:00 ] 127.0.0.1 /ros/index.php/App/index/category/1
INFO: [ route_check ] --START--
INFO: CheckRoute Behavior ::run [ RunTime:0.000334s ]
INFO: [ route_check ] --END-- [ RunTime:0.000379s ]
INFO: [ app_begin ] --START--
INFO: ReadHtmlCache Behavior ::run [ RunTime:0.000230s ]
INFO: [ app_begin ] --END-- [ RunTime:0.000266s ]
SQL: SHOW COLUMNS FROM `ros_category` [ RunTime:0.002110s ]
SQL: SHOW COLUMNS FROM `ros_app` [ RunTime:0.001375s ]
NOTIC: 建议使用I方法替代_get
NOTIC: 建议使用I方法替代_get
SQL: SELECT COUNT(*) AS tp_count FROM `ros_app` WHERE ( `state` = 1 ) AND ( `category` = 1 ) LIMIT 1   [ RunTime:0.000325s ]
SQL: SELECT * FROM `ros_category` ORDER BY sort asc  [ RunTime:0.000328s ]
SQL: SELECT `id`,`title`,`icon`,`description` FROM `ros_app` WHERE ( `state` = 1 ) AND ( `category` = 1 ) ORDER BY id asc LIMIT 0,5   [ RunTime:0.000183s ]
SQL: SHOW COLUMNS FROM `ros_userapp` [ RunTime:0.001355s ]
SQL: SELECT * FROM `ros_userapp` WHERE ( `userid` = 2 ) AND ( `appid` = 1 ) LIMIT 1   [ RunTime:0.000203s ]
SQL: SELECT `id` FROM `ros_userapp` WHERE ( `type` = 1 ) AND ( `appid` = 1 )  [ RunTime:0.000185s ]
SQL: SELECT * FROM `ros_userapp` WHERE ( `userid` = 2 ) AND ( `appid` = 2 ) LIMIT 1   [ RunTime:0.000207s ]
SQL: SELECT `id` FROM `ros_userapp` WHERE ( `type` = 1 ) AND ( `appid` = 2 )  [ RunTime:0.000142s ]
SQL: SELECT * FROM `ros_userapp` WHERE ( `userid` = 2 ) AND ( `appid` = 4 ) LIMIT 1   [ RunTime:0.000149s ]
SQL: SELECT `id` FROM `ros_userapp` WHERE ( `type` = 1 ) AND ( `appid` = 4 )  [ RunTime:0.000127s ]
SQL: SELECT * FROM `ros_userapp` WHERE ( `userid` = 2 ) AND ( `appid` = 5 ) LIMIT 1   [ RunTime:0.000129s ]
SQL: SELECT `id` FROM `ros_userapp` WHERE ( `type` = 1 ) AND ( `appid` = 5 )  [ RunTime:0.000124s ]
INFO: [ view_parse ] --START--
INFO: ParseTemplate Behavior ::run [ RunTime:0.005629s ]
INFO: [ view_parse ] --END-- [ RunTime:0.005678s ]
INFO: [ view_filter ] --START--
INFO: ContentReplace Behavior ::run [ RunTime:0.000231s ]
INFO: TokenBuild Behavior ::run [ RunTime:0.000163s ]
INFO: WriteHtmlCache Behavior ::run [ RunTime:0.000102s ]
INFO: ShowRuntime Behavior ::run [ RunTime:0.000203s ]
INFO: [ view_filter ] --END-- [ RunTime:0.000795s ]
INFO: [ view_end ] --START--
INFO: ShowPageTrace Behavior ::run [ RunTime:0.000246s ]
INFO: [ view_end ] --END-- [ RunTime:0.000279s ]

[ 2014-01-09T21:17:46+08:00 ] 127.0.0.1 /ros/index.php/App
INFO: [ route_check ] --START--
INFO: CheckRoute Behavior ::run [ RunTime:0.000333s ]
INFO: [ route_check ] --END-- [ RunTime:0.000386s ]
INFO: [ app_begin ] --START--
INFO: ReadHtmlCache Behavior ::run [ RunTime:0.000268s ]
INFO: [ app_begin ] --END-- [ RunTime:0.000302s ]
SQL: SHOW COLUMNS FROM `ros_category` [ RunTime:0.001021s ]
SQL: SHOW COLUMNS FROM `ros_app` [ RunTime:0.001054s ]
SQL: SELECT COUNT(*) AS tp_count FROM `ros_app` WHERE ( `state` = 1 ) LIMIT 1   [ RunTime:0.000272s ]
SQL: SELECT * FROM `ros_category` ORDER BY sort asc  [ RunTime:0.000260s ]
SQL: SELECT `id`,`title`,`icon`,`description` FROM `ros_app` WHERE ( `state` = 1 ) ORDER BY id asc LIMIT 0,5   [ RunTime:0.000220s ]
SQL: SHOW COLUMNS FROM `ros_userapp` [ RunTime:0.001095s ]
SQL: SELECT * FROM `ros_userapp` WHERE ( `userid` = 2 ) AND ( `appid` = 1 ) LIMIT 1   [ RunTime:0.000193s ]
SQL: SELECT `id` FROM `ros_userapp` WHERE ( `type` = 1 ) AND ( `appid` = 1 )  [ RunTime:0.000180s ]
SQL: SELECT * FROM `ros_userapp` WHERE ( `userid` = 2 ) AND ( `appid` = 2 ) LIMIT 1   [ RunTime:0.000158s ]
SQL: SELECT `id` FROM `ros_userapp` WHERE ( `type` = 1 ) AND ( `appid` = 2 )  [ RunTime:0.000161s ]
SQL: SELECT * FROM `ros_userapp` WHERE ( `userid` = 2 ) AND ( `appid` = 3 ) LIMIT 1   [ RunTime:0.000215s ]
SQL: SELECT `id` FROM `ros_userapp` WHERE ( `type` = 1 ) AND ( `appid` = 3 )  [ RunTime:0.000201s ]
SQL: SELECT * FROM `ros_userapp` WHERE ( `userid` = 2 ) AND ( `appid` = 4 ) LIMIT 1   [ RunTime:0.000134s ]
SQL: SELECT `id` FROM `ros_userapp` WHERE ( `type` = 1 ) AND ( `appid` = 4 )  [ RunTime:0.000152s ]
SQL: SELECT * FROM `ros_userapp` WHERE ( `userid` = 2 ) AND ( `appid` = 5 ) LIMIT 1   [ RunTime:0.000236s ]
SQL: SELECT `id` FROM `ros_userapp` WHERE ( `type` = 1 ) AND ( `appid` = 5 )  [ RunTime:0.000225s ]
INFO: [ view_parse ] --START--
INFO: ParseTemplate Behavior ::run [ RunTime:0.005692s ]
INFO: [ view_parse ] --END-- [ RunTime:0.005737s ]
INFO: [ view_filter ] --START--
INFO: ContentReplace Behavior ::run [ RunTime:0.000208s ]
INFO: TokenBuild Behavior ::run [ RunTime:0.000162s ]
INFO: WriteHtmlCache Behavior ::run [ RunTime:0.000105s ]
INFO: ShowRuntime Behavior ::run [ RunTime:0.000192s ]
INFO: [ view_filter ] --END-- [ RunTime:0.000759s ]
INFO: [ view_end ] --START--
INFO: ShowPageTrace Behavior ::run [ RunTime:0.000245s ]
INFO: [ view_end ] --END-- [ RunTime:0.000278s ]

[ 2014-01-09T21:17:51+08:00 ] 127.0.0.1 /ros/index.php/User/logout
INFO: [ route_check ] --START--
INFO: CheckRoute Behavior ::run [ RunTime:0.000325s ]
INFO: [ route_check ] --END-- [ RunTime:0.000369s ]
INFO: [ app_begin ] --START--
INFO: ReadHtmlCache Behavior ::run [ RunTime:0.000208s ]
INFO: [ app_begin ] --END-- [ RunTime:0.000239s ]

[ 2014-01-09T21:17:51+08:00 ] 127.0.0.1 /ros/
INFO: [ app_begin ] --START--
INFO: ReadHtmlCache Behavior ::run [ RunTime:0.000237s ]
INFO: [ app_begin ] --END-- [ RunTime:0.000283s ]
INFO: [ view_parse ] --START--
INFO: ParseTemplate Behavior ::run [ RunTime:0.003761s ]
INFO: [ view_parse ] --END-- [ RunTime:0.003804s ]
INFO: [ view_filter ] --START--
INFO: ContentReplace Behavior ::run [ RunTime:0.000187s ]
INFO: TokenBuild Behavior ::run [ RunTime:0.000154s ]
INFO: WriteHtmlCache Behavior ::run [ RunTime:0.000097s ]
INFO: ShowRuntime Behavior ::run [ RunTime:0.000183s ]
INFO: [ view_filter ] --END-- [ RunTime:0.000720s ]
INFO: [ view_end ] --START--
INFO: ShowPageTrace Behavior ::run [ RunTime:0.000259s ]
INFO: [ view_end ] --END-- [ RunTime:0.000298s ]

[ 2014-01-09T21:17:51+08:00 ] 127.0.0.1 /ros/index.php/Index/getApp
INFO: [ route_check ] --START--
INFO: CheckRoute Behavior ::run [ RunTime:0.000334s ]
INFO: [ route_check ] --END-- [ RunTime:0.000379s ]
INFO: [ app_begin ] --START--
INFO: ReadHtmlCache Behavior ::run [ RunTime:0.000282s ]
INFO: [ app_begin ] --END-- [ RunTime:0.000316s ]
SQL: SHOW COLUMNS FROM `ros_app` [ RunTime:0.001176s ]
SQL: SHOW COLUMNS FROM `ros_userapp` [ RunTime:0.000928s ]
SQL: SELECT * FROM `ros_userapp` WHERE ( `userid` = 1 ) ORDER BY id asc  [ RunTime:0.000250s ]
NOTIC: [2] Invalid argument supplied for foreach() /Users/wangyingran/sites/ROS/App/Lib/Action/Home/IndexAction.class.php 第 31 行.
NOTIC: [2] Invalid argument supplied for foreach() /Users/wangyingran/sites/ROS/App/Lib/Action/Home/IndexAction.class.php 第 31 行.
NOTIC: [2] Invalid argument supplied for foreach() /Users/wangyingran/sites/ROS/App/Lib/Action/Home/IndexAction.class.php 第 31 行.
NOTIC: [2] Invalid argument supplied for foreach() /Users/wangyingran/sites/ROS/App/Lib/Action/Home/IndexAction.class.php 第 31 行.
NOTIC: [2] Invalid argument supplied for foreach() /Users/wangyingran/sites/ROS/App/Lib/Action/Home/IndexAction.class.php 第 31 行.

[ 2014-01-09T21:17:52+08:00 ] 127.0.0.1 /ros/index.php/App
INFO: [ route_check ] --START--
INFO: CheckRoute Behavior ::run [ RunTime:0.000334s ]
INFO: [ route_check ] --END-- [ RunTime:0.000379s ]
INFO: [ app_begin ] --START--
INFO: ReadHtmlCache Behavior ::run [ RunTime:0.000216s ]
INFO: [ app_begin ] --END-- [ RunTime:0.000249s ]
SQL: SHOW COLUMNS FROM `ros_category` [ RunTime:0.001176s ]
SQL: SHOW COLUMNS FROM `ros_app` [ RunTime:0.001011s ]
SQL: SELECT COUNT(*) AS tp_count FROM `ros_app` WHERE ( `state` = 1 ) LIMIT 1   [ RunTime:0.000289s ]
SQL: SELECT * FROM `ros_category` ORDER BY sort asc  [ RunTime:0.000218s ]
SQL: SELECT `id`,`title`,`icon`,`description` FROM `ros_app` WHERE ( `state` = 1 ) ORDER BY id asc LIMIT 0,5   [ RunTime:0.000197s ]
SQL: SHOW COLUMNS FROM `ros_userapp` [ RunTime:0.004185s ]
NOTIC: [8] Undefined index: userid /Users/wangyingran/sites/ROS/App/Lib/Action/Home/AppAction.class.php 第 190 行.
SQL: SELECT * FROM `ros_userapp` WHERE ( `userid` = null ) AND ( `appid` = 1 ) LIMIT 1   [ RunTime:0.000281s ]
SQL: SELECT `id` FROM `ros_userapp` WHERE ( `type` = 1 ) AND ( `appid` = 1 )  [ RunTime:0.000180s ]
NOTIC: [8] Undefined index: userid /Users/wangyingran/sites/ROS/App/Lib/Action/Home/AppAction.class.php 第 190 行.
SQL: SELECT * FROM `ros_userapp` WHERE ( `userid` = null ) AND ( `appid` = 2 ) LIMIT 1   [ RunTime:0.000146s ]
SQL: SELECT `id` FROM `ros_userapp` WHERE ( `type` = 1 ) AND ( `appid` = 2 )  [ RunTime:0.000127s ]
NOTIC: [8] Undefined index: userid /Users/wangyingran/sites/ROS/App/Lib/Action/Home/AppAction.class.php 第 190 行.
SQL: SELECT * FROM `ros_userapp` WHERE ( `userid` = null ) AND ( `appid` = 3 ) LIMIT 1   [ RunTime:0.000179s ]
SQL: SELECT `id` FROM `ros_userapp` WHERE ( `type` = 1 ) AND ( `appid` = 3 )  [ RunTime:0.000140s ]
NOTIC: [8] Undefined index: userid /Users/wangyingran/sites/ROS/App/Lib/Action/Home/AppAction.class.php 第 190 行.
SQL: SELECT * FROM `ros_userapp` WHERE ( `userid` = null ) AND ( `appid` = 4 ) LIMIT 1   [ RunTime:0.000175s ]
SQL: SELECT `id` FROM `ros_userapp` WHERE ( `type` = 1 ) AND ( `appid` = 4 )  [ RunTime:0.000156s ]
NOTIC: [8] Undefined index: userid /Users/wangyingran/sites/ROS/App/Lib/Action/Home/AppAction.class.php 第 190 行.
SQL: SELECT * FROM `ros_userapp` WHERE ( `userid` = null ) AND ( `appid` = 5 ) LIMIT 1   [ RunTime:0.000161s ]
SQL: SELECT `id` FROM `ros_userapp` WHERE ( `type` = 1 ) AND ( `appid` = 5 )  [ RunTime:0.000138s ]
INFO: [ view_parse ] --START--
INFO: ParseTemplate Behavior ::run [ RunTime:0.005626s ]
INFO: [ view_parse ] --END-- [ RunTime:0.005685s ]
INFO: [ view_filter ] --START--
INFO: ContentReplace Behavior ::run [ RunTime:0.000208s ]
INFO: TokenBuild Behavior ::run [ RunTime:0.000153s ]
INFO: WriteHtmlCache Behavior ::run [ RunTime:0.000096s ]
INFO: ShowRuntime Behavior ::run [ RunTime:0.000185s ]
INFO: [ view_filter ] --END-- [ RunTime:0.000736s ]
INFO: [ view_end ] --START--
INFO: ShowPageTrace Behavior ::run [ RunTime:0.000256s ]
INFO: [ view_end ] --END-- [ RunTime:0.000287s ]

[ 2014-01-09T21:17:55+08:00 ] 127.0.0.1 /ros/index.php/App/addApp
INFO: [ route_check ] --START--
INFO: CheckRoute Behavior ::run [ RunTime:0.000323s ]
INFO: [ route_check ] --END-- [ RunTime:0.000368s ]
INFO: [ app_begin ] --START--
INFO: ReadHtmlCache Behavior ::run [ RunTime:0.000209s ]
INFO: [ app_begin ] --END-- [ RunTime:0.000239s ]

[ 2014-01-09T21:18:08+08:00 ] 127.0.0.1 /ros/index.php/App/addApp
INFO: [ route_check ] --START--
INFO: CheckRoute Behavior ::run [ RunTime:0.000344s ]
INFO: [ route_check ] --END-- [ RunTime:0.000390s ]
INFO: [ app_begin ] --START--
INFO: ReadHtmlCache Behavior ::run [ RunTime:0.000235s ]
INFO: [ app_begin ] --END-- [ RunTime:0.000267s ]

[ 2014-01-09T21:18:21+08:00 ] 127.0.0.1 /ros/
INFO: [ app_begin ] --START--
INFO: ReadHtmlCache Behavior ::run [ RunTime:0.000223s ]
INFO: [ app_begin ] --END-- [ RunTime:0.000268s ]
INFO: [ view_parse ] --START--
INFO: ParseTemplate Behavior ::run [ RunTime:0.004190s ]
INFO: [ view_parse ] --END-- [ RunTime:0.004234s ]
INFO: [ view_filter ] --START--
INFO: ContentReplace Behavior ::run [ RunTime:0.000191s ]
INFO: TokenBuild Behavior ::run [ RunTime:0.000164s ]
INFO: WriteHtmlCache Behavior ::run [ RunTime:0.000103s ]
INFO: ShowRuntime Behavior ::run [ RunTime:0.000195s ]
INFO: [ view_filter ] --END-- [ RunTime:0.000747s ]
INFO: [ view_end ] --START--
INFO: ShowPageTrace Behavior ::run [ RunTime:0.000269s ]
INFO: [ view_end ] --END-- [ RunTime:0.000301s ]

[ 2014-01-09T21:18:21+08:00 ] 127.0.0.1 /ros/index.php/Index/getApp
INFO: [ route_check ] --START--
INFO: CheckRoute Behavior ::run [ RunTime:0.000354s ]
INFO: [ route_check ] --END-- [ RunTime:0.000402s ]
INFO: [ app_begin ] --START--
INFO: ReadHtmlCache Behavior ::run [ RunTime:0.000231s ]
INFO: [ app_begin ] --END-- [ RunTime:0.000263s ]
SQL: SHOW COLUMNS FROM `ros_app` [ RunTime:0.001184s ]
SQL: SHOW COLUMNS FROM `ros_userapp` [ RunTime:0.000887s ]
SQL: SELECT * FROM `ros_userapp` WHERE ( `userid` = 1 ) ORDER BY id asc  [ RunTime:0.000234s ]
NOTIC: [2] Invalid argument supplied for foreach() /Users/wangyingran/sites/ROS/App/Lib/Action/Home/IndexAction.class.php 第 31 行.
NOTIC: [2] Invalid argument supplied for foreach() /Users/wangyingran/sites/ROS/App/Lib/Action/Home/IndexAction.class.php 第 31 行.
NOTIC: [2] Invalid argument supplied for foreach() /Users/wangyingran/sites/ROS/App/Lib/Action/Home/IndexAction.class.php 第 31 行.
NOTIC: [2] Invalid argument supplied for foreach() /Users/wangyingran/sites/ROS/App/Lib/Action/Home/IndexAction.class.php 第 31 行.
NOTIC: [2] Invalid argument supplied for foreach() /Users/wangyingran/sites/ROS/App/Lib/Action/Home/IndexAction.class.php 第 31 行.

[ 2014-01-09T21:18:26+08:00 ] 127.0.0.1 /ros/
INFO: [ app_begin ] --START--
INFO: ReadHtmlCache Behavior ::run [ RunTime:0.000218s ]
INFO: [ app_begin ] --END-- [ RunTime:0.000264s ]
INFO: [ view_parse ] --START--
INFO: ParseTemplate Behavior ::run [ RunTime:0.003682s ]
INFO: [ view_parse ] --END-- [ RunTime:0.003724s ]
INFO: [ view_filter ] --START--
INFO: ContentReplace Behavior ::run [ RunTime:0.000191s ]
INFO: TokenBuild Behavior ::run [ RunTime:0.000164s ]
INFO: WriteHtmlCache Behavior ::run [ RunTime:0.000103s ]
INFO: ShowRuntime Behavior ::run [ RunTime:0.000196s ]
INFO: [ view_filter ] --END-- [ RunTime:0.000751s ]
INFO: [ view_end ] --START--
INFO: ShowPageTrace Behavior ::run [ RunTime:0.000269s ]
INFO: [ view_end ] --END-- [ RunTime:0.000301s ]

[ 2014-01-09T21:18:27+08:00 ] 127.0.0.1 /ros/index.php/Index/getApp
INFO: [ route_check ] --START--
INFO: CheckRoute Behavior ::run [ RunTime:0.000354s ]
INFO: [ route_check ] --END-- [ RunTime:0.000401s ]
INFO: [ app_begin ] --START--
INFO: ReadHtmlCache Behavior ::run [ RunTime:0.000230s ]
INFO: [ app_begin ] --END-- [ RunTime:0.000264s ]
SQL: SHOW COLUMNS FROM `ros_app` [ RunTime:0.001348s ]
SQL: SHOW COLUMNS FROM `ros_userapp` [ RunTime:0.000974s ]
SQL: SELECT * FROM `ros_userapp` WHERE ( `userid` = 1 ) ORDER BY id asc  [ RunTime:0.000179s ]
NOTIC: [2] Invalid argument supplied for foreach() /Users/wangyingran/sites/ROS/App/Lib/Action/Home/IndexAction.class.php 第 31 行.
NOTIC: [2] Invalid argument supplied for foreach() /Users/wangyingran/sites/ROS/App/Lib/Action/Home/IndexAction.class.php 第 31 行.
NOTIC: [2] Invalid argument supplied for foreach() /Users/wangyingran/sites/ROS/App/Lib/Action/Home/IndexAction.class.php 第 31 行.
NOTIC: [2] Invalid argument supplied for foreach() /Users/wangyingran/sites/ROS/App/Lib/Action/Home/IndexAction.class.php 第 31 行.
NOTIC: [2] Invalid argument supplied for foreach() /Users/wangyingran/sites/ROS/App/Lib/Action/Home/IndexAction.class.php 第 31 行.

[ 2014-01-09T21:18:29+08:00 ] 127.0.0.1 /ros/index.php/App
INFO: [ route_check ] --START--
INFO: CheckRoute Behavior ::run [ RunTime:0.000366s ]
INFO: [ route_check ] --END-- [ RunTime:0.000417s ]
INFO: [ app_begin ] --START--
INFO: ReadHtmlCache Behavior ::run [ RunTime:0.000228s ]
INFO: [ app_begin ] --END-- [ RunTime:0.000264s ]
SQL: SHOW COLUMNS FROM `ros_category` [ RunTime:0.001109s ]
SQL: SHOW COLUMNS FROM `ros_app` [ RunTime:0.001027s ]
SQL: SELECT COUNT(*) AS tp_count FROM `ros_app` WHERE ( `state` = 1 ) LIMIT 1   [ RunTime:0.000267s ]
SQL: SELECT * FROM `ros_category` ORDER BY sort asc  [ RunTime:0.000185s ]
SQL: SELECT `id`,`title`,`icon`,`description` FROM `ros_app` WHERE ( `state` = 1 ) ORDER BY id asc LIMIT 0,5   [ RunTime:0.000204s ]
SQL: SHOW COLUMNS FROM `ros_userapp` [ RunTime:0.004343s ]
NOTIC: [8] Undefined index: userid /Users/wangyingran/sites/ROS/App/Lib/Action/Home/AppAction.class.php 第 190 行.
SQL: SELECT * FROM `ros_userapp` WHERE ( `userid` = null ) AND ( `appid` = 1 ) LIMIT 1   [ RunTime:0.000235s ]
SQL: SELECT `id` FROM `ros_userapp` WHERE ( `type` = 1 ) AND ( `appid` = 1 )  [ RunTime:0.000218s ]
NOTIC: [8] Undefined index: userid /Users/wangyingran/sites/ROS/App/Lib/Action/Home/AppAction.class.php 第 190 行.
SQL: SELECT * FROM `ros_userapp` WHERE ( `userid` = null ) AND ( `appid` = 2 ) LIMIT 1   [ RunTime:0.000196s ]
SQL: SELECT `id` FROM `ros_userapp` WHERE ( `type` = 1 ) AND ( `appid` = 2 )  [ RunTime:0.000176s ]
NOTIC: [8] Undefined index: userid /Users/wangyingran/sites/ROS/App/Lib/Action/Home/AppAction.class.php 第 190 行.
SQL: SELECT * FROM `ros_userapp` WHERE ( `userid` = null ) AND ( `appid` = 3 ) LIMIT 1   [ RunTime:0.000141s ]
SQL: SELECT `id` FROM `ros_userapp` WHERE ( `type` = 1 ) AND ( `appid` = 3 )  [ RunTime:0.000131s ]
NOTIC: [8] Undefined index: userid /Users/wangyingran/sites/ROS/App/Lib/Action/Home/AppAction.class.php 第 190 行.
SQL: SELECT * FROM `ros_userapp` WHERE ( `userid` = null ) AND ( `appid` = 4 ) LIMIT 1   [ RunTime:0.000135s ]
SQL: SELECT `id` FROM `ros_userapp` WHERE ( `type` = 1 ) AND ( `appid` = 4 )  [ RunTime:0.000149s ]
NOTIC: [8] Undefined index: userid /Users/wangyingran/sites/ROS/App/Lib/Action/Home/AppAction.class.php 第 190 行.
SQL: SELECT * FROM `ros_userapp` WHERE ( `userid` = null ) AND ( `appid` = 5 ) LIMIT 1   [ RunTime:0.000160s ]
SQL: SELECT `id` FROM `ros_userapp` WHERE ( `type` = 1 ) AND ( `appid` = 5 )  [ RunTime:0.000127s ]
INFO: [ view_parse ] --START--
INFO: ParseTemplate Behavior ::run [ RunTime:0.005727s ]
INFO: [ view_parse ] --END-- [ RunTime:0.005782s ]
INFO: [ view_filter ] --START--
INFO: ContentReplace Behavior ::run [ RunTime:0.000244s ]
INFO: TokenBuild Behavior ::run [ RunTime:0.000191s ]
INFO: WriteHtmlCache Behavior ::run [ RunTime:0.000110s ]
INFO: ShowRuntime Behavior ::run [ RunTime:0.000217s ]
INFO: [ view_filter ] --END-- [ RunTime:0.000865s ]
INFO: [ view_end ] --START--
INFO: ShowPageTrace Behavior ::run [ RunTime:0.000275s ]
INFO: [ view_end ] --END-- [ RunTime:0.000308s ]

[ 2014-01-09T21:23:17+08:00 ] 127.0.0.1 /ros/index.php/App
INFO: [ route_check ] --START--
INFO: CheckRoute Behavior ::run [ RunTime:0.000376s ]
INFO: [ route_check ] --END-- [ RunTime:0.000435s ]
INFO: [ app_begin ] --START--
INFO: ReadHtmlCache Behavior ::run [ RunTime:0.000238s ]
INFO: [ app_begin ] --END-- [ RunTime:0.000277s ]
SQL: SHOW COLUMNS FROM `ros_category` [ RunTime:0.001126s ]
SQL: SHOW COLUMNS FROM `ros_app` [ RunTime:0.001069s ]
SQL: SELECT COUNT(*) AS tp_count FROM `ros_app` WHERE ( `state` = 1 ) LIMIT 1   [ RunTime:0.000351s ]
SQL: SELECT * FROM `ros_category` ORDER BY sort asc  [ RunTime:0.000273s ]
SQL: SELECT `id`,`title`,`icon`,`description` FROM `ros_app` WHERE ( `state` = 1 ) ORDER BY id asc LIMIT 0,5   [ RunTime:0.000226s ]
SQL: SHOW COLUMNS FROM `ros_userapp` [ RunTime:0.001132s ]
NOTIC: [8] Undefined index: userid /Users/wangyingran/sites/ROS/App/Lib/Action/Home/AppAction.class.php 第 190 行.
SQL: SELECT * FROM `ros_userapp` WHERE ( `userid` = null ) AND ( `appid` = 1 ) LIMIT 1   [ RunTime:0.000235s ]
SQL: SELECT `id` FROM `ros_userapp` WHERE ( `type` = 1 ) AND ( `appid` = 1 )  [ RunTime:0.000140s ]
NOTIC: [8] Undefined index: userid /Users/wangyingran/sites/ROS/App/Lib/Action/Home/AppAction.class.php 第 190 行.
SQL: SELECT * FROM `ros_userapp` WHERE ( `userid` = null ) AND ( `appid` = 2 ) LIMIT 1   [ RunTime:0.000182s ]
SQL: SELECT `id` FROM `ros_userapp` WHERE ( `type` = 1 ) AND ( `appid` = 2 )  [ RunTime:0.000135s ]
NOTIC: [8] Undefined index: userid /Users/wangyingran/sites/ROS/App/Lib/Action/Home/AppAction.class.php 第 190 行.
SQL: SELECT * FROM `ros_userapp` WHERE ( `userid` = null ) AND ( `appid` = 3 ) LIMIT 1   [ RunTime:0.000158s ]
SQL: SELECT `id` FROM `ros_userapp` WHERE ( `type` = 1 ) AND ( `appid` = 3 )  [ RunTime:0.000162s ]
NOTIC: [8] Undefined index: userid /Users/wangyingran/sites/ROS/App/Lib/Action/Home/AppAction.class.php 第 190 行.
SQL: SELECT * FROM `ros_userapp` WHERE ( `userid` = null ) AND ( `appid` = 4 ) LIMIT 1   [ RunTime:0.000142s ]
SQL: SELECT `id` FROM `ros_userapp` WHERE ( `type` = 1 ) AND ( `appid` = 4 )  [ RunTime:0.000130s ]
NOTIC: [8] Undefined index: userid /Users/wangyingran/sites/ROS/App/Lib/Action/Home/AppAction.class.php 第 190 行.
SQL: SELECT * FROM `ros_userapp` WHERE ( `userid` = null ) AND ( `appid` = 5 ) LIMIT 1   [ RunTime:0.000229s ]
SQL: SELECT `id` FROM `ros_userapp` WHERE ( `type` = 1 ) AND ( `appid` = 5 )  [ RunTime:0.000166s ]
INFO: [ view_parse ] --START--
INFO: ParseTemplate Behavior ::run [ RunTime:0.005968s ]
INFO: [ view_parse ] --END-- [ RunTime:0.006019s ]
INFO: [ view_filter ] --START--
INFO: ContentReplace Behavior ::run [ RunTime:0.000217s ]
INFO: TokenBuild Behavior ::run [ RunTime:0.000157s ]
INFO: WriteHtmlCache Behavior ::run [ RunTime:0.000097s ]
INFO: ShowRuntime Behavior ::run [ RunTime:0.000185s ]
INFO: [ view_filter ] --END-- [ RunTime:0.000749s ]
INFO: [ view_end ] --START--
INFO: ShowPageTrace Behavior ::run [ RunTime:0.000276s ]
INFO: [ view_end ] --END-- [ RunTime:0.000308s ]

[ 2014-01-09T21:23:19+08:00 ] 127.0.0.1 /ros/index.php/App/addApp
INFO: [ route_check ] --START--
INFO: CheckRoute Behavior ::run [ RunTime:0.000319s ]
INFO: [ route_check ] --END-- [ RunTime:0.000361s ]
INFO: [ app_begin ] --START--
INFO: ReadHtmlCache Behavior ::run [ RunTime:0.000229s ]
INFO: [ app_begin ] --END-- [ RunTime:0.000261s ]

